mode: set
github.com/Rasikrr/bagsy_backend_monolith/internal/usecases/policy/policy.go:12.20,14.2 1 0
github.com/Rasikrr/bagsy_backend_monolith/internal/usecases/policy/policy.go:16.99,17.46 1 0
github.com/Rasikrr/bagsy_backend_monolith/internal/usecases/policy/policy.go:17.46,19.3 1 0
github.com/Rasikrr/bagsy_backend_monolith/internal/usecases/policy/policy.go:22.2,22.45 1 0
github.com/Rasikrr/bagsy_backend_monolith/internal/usecases/policy/policy.go:22.45,24.3 1 0
github.com/Rasikrr/bagsy_backend_monolith/internal/usecases/policy/policy.go:27.2,27.9 1 0
github.com/Rasikrr/bagsy_backend_monolith/internal/usecases/policy/policy.go:28.38,30.13 1 0
github.com/Rasikrr/bagsy_backend_monolith/internal/usecases/policy/policy.go:32.40,34.58 1 0
github.com/Rasikrr/bagsy_backend_monolith/internal/usecases/policy/policy.go:34.58,36.4 1 0
github.com/Rasikrr/bagsy_backend_monolith/internal/usecases/policy/policy.go:37.3,37.13 1 0
github.com/Rasikrr/bagsy_backend_monolith/internal/usecases/policy/policy.go:39.38,41.50 1 0
github.com/Rasikrr/bagsy_backend_monolith/internal/usecases/policy/policy.go:41.50,43.4 1 0
github.com/Rasikrr/bagsy_backend_monolith/internal/usecases/policy/policy.go:44.3,44.13 1 0
github.com/Rasikrr/bagsy_backend_monolith/internal/usecases/policy/policy.go:46.10,47.38 1 0
github.com/Rasikrr/bagsy_backend_monolith/internal/usecases/policy/policy.go:51.113,52.46 1 0
github.com/Rasikrr/bagsy_backend_monolith/internal/usecases/policy/policy.go:52.46,54.3 1 0
github.com/Rasikrr/bagsy_backend_monolith/internal/usecases/policy/policy.go:56.2,56.9 1 0
github.com/Rasikrr/bagsy_backend_monolith/internal/usecases/policy/policy.go:57.38,58.27 1 0
github.com/Rasikrr/bagsy_backend_monolith/internal/usecases/policy/policy.go:58.27,60.4 1 0
github.com/Rasikrr/bagsy_backend_monolith/internal/usecases/policy/policy.go:61.40,62.28 1 0
github.com/Rasikrr/bagsy_backend_monolith/internal/usecases/policy/policy.go:62.28,64.4 1 0
github.com/Rasikrr/bagsy_backend_monolith/internal/usecases/policy/policy.go:65.10,66.38 1 0
github.com/Rasikrr/bagsy_backend_monolith/internal/usecases/policy/policy.go:69.2,69.82 1 0
github.com/Rasikrr/bagsy_backend_monolith/internal/usecases/policy/policy.go:69.82,71.3 1 0
github.com/Rasikrr/bagsy_backend_monolith/internal/usecases/policy/policy.go:73.2,73.12 1 0
github.com/Rasikrr/bagsy_backend_monolith/internal/usecases/policy/policy.go:76.87,77.46 1 0
github.com/Rasikrr/bagsy_backend_monolith/internal/usecases/policy/policy.go:77.46,79.3 1 0
github.com/Rasikrr/bagsy_backend_monolith/internal/usecases/policy/policy.go:81.2,81.37 1 0
github.com/Rasikrr/bagsy_backend_monolith/internal/usecases/policy/policy.go:81.37,83.3 1 0
github.com/Rasikrr/bagsy_backend_monolith/internal/usecases/policy/policy.go:85.2,85.82 1 0
github.com/Rasikrr/bagsy_backend_monolith/internal/usecases/policy/policy.go:85.82,87.3 1 0
github.com/Rasikrr/bagsy_backend_monolith/internal/usecases/policy/policy.go:89.2,89.12 1 0
github.com/Rasikrr/bagsy_backend_monolith/internal/infra/jwt/jwt.go:23.62,28.2 1 1
github.com/Rasikrr/bagsy_backend_monolith/internal/infra/jwt/jwt.go:30.77,36.16 4 1
github.com/Rasikrr/bagsy_backend_monolith/internal/infra/jwt/jwt.go:36.16,38.3 1 0
github.com/Rasikrr/bagsy_backend_monolith/internal/infra/jwt/jwt.go:39.2,39.22 1 1
github.com/Rasikrr/bagsy_backend_monolith/internal/infra/jwt/jwt.go:42.72,44.48 2 1
github.com/Rasikrr/bagsy_backend_monolith/internal/infra/jwt/jwt.go:44.48,46.3 1 0
github.com/Rasikrr/bagsy_backend_monolith/internal/infra/jwt/jwt.go:48.2,53.23 4 1
github.com/Rasikrr/bagsy_backend_monolith/internal/infra/jwt/jwt.go:57.81,59.101 2 0
github.com/Rasikrr/bagsy_backend_monolith/internal/infra/jwt/jwt.go:59.101,60.58 1 0
github.com/Rasikrr/bagsy_backend_monolith/internal/infra/jwt/jwt.go:60.58,62.4 1 0
github.com/Rasikrr/bagsy_backend_monolith/internal/infra/jwt/jwt.go:63.3,63.34 1 0
github.com/Rasikrr/bagsy_backend_monolith/internal/infra/jwt/jwt.go:65.2,65.16 1 0
github.com/Rasikrr/bagsy_backend_monolith/internal/infra/jwt/jwt.go:65.16,67.3 1 0
github.com/Rasikrr/bagsy_backend_monolith/internal/infra/jwt/jwt.go:68.2,68.18 1 0
github.com/Rasikrr/bagsy_backend_monolith/internal/infra/jwt/jwt.go:68.18,70.3 1 0
github.com/Rasikrr/bagsy_backend_monolith/internal/infra/jwt/jwt.go:71.2,72.16 2 0
github.com/Rasikrr/bagsy_backend_monolith/internal/infra/jwt/jwt.go:72.16,74.3 1 0
github.com/Rasikrr/bagsy_backend_monolith/internal/infra/jwt/jwt.go:75.2,76.16 2 0
github.com/Rasikrr/bagsy_backend_monolith/internal/infra/jwt/jwt.go:76.16,78.3 1 0
github.com/Rasikrr/bagsy_backend_monolith/internal/infra/jwt/jwt.go:79.2,81.61 2 0
github.com/Rasikrr/bagsy_backend_monolith/internal/infra/jwt/jwt.go:84.75,97.2 3 1
github.com/Rasikrr/bagsy_backend_monolith/internal/infra/jwt/token_service.go:40.17,47.2 1 0
github.com/Rasikrr/bagsy_backend_monolith/internal/infra/jwt/token_service.go:49.134,52.16 3 0
github.com/Rasikrr/bagsy_backend_monolith/internal/infra/jwt/token_service.go:52.16,54.3 1 0
github.com/Rasikrr/bagsy_backend_monolith/internal/infra/jwt/token_service.go:55.2,56.16 2 0
github.com/Rasikrr/bagsy_backend_monolith/internal/infra/jwt/token_service.go:56.16,58.3 1 0
github.com/Rasikrr/bagsy_backend_monolith/internal/infra/jwt/token_service.go:59.2,59.97 1 0
github.com/Rasikrr/bagsy_backend_monolith/internal/infra/jwt/token_service.go:59.97,61.3 1 0
github.com/Rasikrr/bagsy_backend_monolith/internal/infra/jwt/token_service.go:63.2,63.39 1 0
github.com/Rasikrr/bagsy_backend_monolith/internal/infra/jwt/token_service.go:66.99,68.16 2 0
github.com/Rasikrr/bagsy_backend_monolith/internal/infra/jwt/token_service.go:68.16,70.3 1 0
github.com/Rasikrr/bagsy_backend_monolith/internal/infra/jwt/token_service.go:71.2,71.24 1 0
github.com/Rasikrr/bagsy_backend_monolith/internal/infra/jwt/token_service.go:74.113,80.16 4 0
github.com/Rasikrr/bagsy_backend_monolith/internal/infra/jwt/token_service.go:80.16,82.3 1 0
github.com/Rasikrr/bagsy_backend_monolith/internal/infra/jwt/token_service.go:85.2,85.68 1 0
github.com/Rasikrr/bagsy_backend_monolith/internal/infra/jwt/token_service.go:85.68,87.3 1 0
github.com/Rasikrr/bagsy_backend_monolith/internal/infra/jwt/token_service.go:89.2,89.20 1 0
github.com/Rasikrr/bagsy_backend_monolith/internal/infra/jwt/token_service.go:92.84,97.2 3 0
github.com/Rasikrr/bagsy_backend_monolith/internal/infra/jwt/token_service.go:99.92,101.2 1 0
github.com/Rasikrr/bagsy_backend_monolith/internal/domain/booking/appointment.go:51.75,75.2 5 0
github.com/Rasikrr/bagsy_backend_monolith/internal/domain/booking/appointment.go:81.51,82.48 1 0
github.com/Rasikrr/bagsy_backend_monolith/internal/domain/booking/appointment.go:82.48,84.3 1 0
github.com/Rasikrr/bagsy_backend_monolith/internal/domain/booking/appointment.go:86.2,90.12 4 0
github.com/Rasikrr/bagsy_backend_monolith/internal/domain/booking/appointment.go:93.49,94.49 1 0
github.com/Rasikrr/bagsy_backend_monolith/internal/domain/booking/appointment.go:94.49,96.3 1 0
github.com/Rasikrr/bagsy_backend_monolith/internal/domain/booking/appointment.go:98.2,102.12 4 0
github.com/Rasikrr/bagsy_backend_monolith/internal/domain/booking/appointment.go:105.52,106.48 1 0
github.com/Rasikrr/bagsy_backend_monolith/internal/domain/booking/appointment.go:106.48,108.3 1 0
github.com/Rasikrr/bagsy_backend_monolith/internal/domain/booking/appointment.go:110.2,114.12 4 0
github.com/Rasikrr/bagsy_backend_monolith/internal/domain/booking/appointment.go:117.65,118.48 1 0
github.com/Rasikrr/bagsy_backend_monolith/internal/domain/booking/appointment.go:118.48,120.3 1 0
github.com/Rasikrr/bagsy_backend_monolith/internal/domain/booking/appointment.go:122.2,128.12 6 0
github.com/Rasikrr/bagsy_backend_monolith/internal/domain/booking/appointment.go:131.74,132.17 1 0
github.com/Rasikrr/bagsy_backend_monolith/internal/domain/booking/appointment.go:132.17,134.3 1 0
github.com/Rasikrr/bagsy_backend_monolith/internal/domain/booking/appointment.go:135.2,137.29 2 0
github.com/Rasikrr/bagsy_backend_monolith/internal/domain/booking/appointment.go:137.29,139.3 1 0
github.com/Rasikrr/bagsy_backend_monolith/internal/domain/booking/appointment.go:141.2,141.33 1 0
github.com/Rasikrr/bagsy_backend_monolith/internal/domain/booking/appointment.go:141.33,143.3 1 0
github.com/Rasikrr/bagsy_backend_monolith/internal/domain/booking/appointment.go:145.2,150.12 5 0
github.com/Rasikrr/bagsy_backend_monolith/internal/domain/booking/appointment.go:153.60,154.17 1 0
github.com/Rasikrr/bagsy_backend_monolith/internal/domain/booking/appointment.go:154.17,156.3 1 0
github.com/Rasikrr/bagsy_backend_monolith/internal/domain/booking/appointment.go:158.2,161.12 3 0
github.com/Rasikrr/bagsy_backend_monolith/internal/domain/booking/appointment.go:168.40,170.2 1 0
github.com/Rasikrr/bagsy_backend_monolith/internal/domain/booking/appointment.go:172.42,174.2 1 0
github.com/Rasikrr/bagsy_backend_monolith/internal/domain/booking/appointment.go:176.43,178.2 1 0
github.com/Rasikrr/bagsy_backend_monolith/internal/domain/booking/appointment.go:180.42,182.2 1 0
github.com/Rasikrr/bagsy_backend_monolith/internal/domain/booking/appointment.go:184.42,186.2 1 0
github.com/Rasikrr/bagsy_backend_monolith/internal/domain/booking/appointment.go:188.38,190.2 1 0
github.com/Rasikrr/bagsy_backend_monolith/internal/domain/booking/appointment.go:192.41,194.2 1 0
github.com/Rasikrr/bagsy_backend_monolith/internal/domain/booking/appointment.go:196.40,199.2 2 0
github.com/Rasikrr/bagsy_backend_monolith/internal/domain/booking/appointment.go:201.37,203.2 1 0
github.com/Rasikrr/bagsy_backend_monolith/internal/domain/booking/appointment.go:205.64,207.2 1 0
github.com/Rasikrr/bagsy_backend_monolith/internal/domain/booking/appointment.go:209.68,211.2 1 0
github.com/Rasikrr/bagsy_backend_monolith/internal/domain/booking/appointment.go:213.68,215.2 1 0
github.com/Rasikrr/bagsy_backend_monolith/internal/domain/booking/appointment.go:217.48,219.2 1 0
github.com/Rasikrr/bagsy_backend_monolith/internal/domain/booking/appointment.go:221.59,223.2 1 0
github.com/Rasikrr/bagsy_backend_monolith/internal/domain/booking/appointment.go:229.31,232.2 2 0
github.com/Rasikrr/bagsy_backend_monolith/internal/domain/booking/appointment.go:234.95,236.30 2 0
github.com/Rasikrr/bagsy_backend_monolith/internal/domain/booking/appointment.go:236.30,239.3 2 0
github.com/Rasikrr/bagsy_backend_monolith/internal/domain/booking/appointment.go:241.2,248.4 1 0
github.com/Rasikrr/bagsy_backend_monolith/internal/domain/booking/appointment.go:251.28,253.2 1 0
github.com/Rasikrr/bagsy_backend_monolith/internal/domain/booking/slots.go:26.14,31.15 4 1
github.com/Rasikrr/bagsy_backend_monolith/internal/domain/booking/slots.go:31.15,33.3 1 1
github.com/Rasikrr/bagsy_backend_monolith/internal/domain/booking/slots.go:35.2,35.82 1 1
github.com/Rasikrr/bagsy_backend_monolith/internal/domain/booking/slots.go:35.82,37.3 1 1
github.com/Rasikrr/bagsy_backend_monolith/internal/domain/booking/slots.go:38.2,38.82 1 1
github.com/Rasikrr/bagsy_backend_monolith/internal/domain/booking/slots.go:38.82,40.3 1 1
github.com/Rasikrr/bagsy_backend_monolith/internal/domain/booking/slots.go:41.2,41.64 1 1
github.com/Rasikrr/bagsy_backend_monolith/internal/domain/booking/slots.go:41.64,43.3 1 1
github.com/Rasikrr/bagsy_backend_monolith/internal/domain/booking/slots.go:45.2,45.88 1 1
github.com/Rasikrr/bagsy_backend_monolith/internal/domain/booking/slots.go:45.88,56.38 3 1
github.com/Rasikrr/bagsy_backend_monolith/internal/domain/booking/slots.go:56.38,58.28 2 1
github.com/Rasikrr/bagsy_backend_monolith/internal/domain/booking/slots.go:58.28,59.29 1 1
github.com/Rasikrr/bagsy_backend_monolith/internal/domain/booking/slots.go:59.29,61.6 1 1
github.com/Rasikrr/bagsy_backend_monolith/internal/domain/booking/slots.go:66.2,66.15 1 1
github.com/Rasikrr/bagsy_backend_monolith/internal/domain/booking/slots.go:75.14,76.27 1 1
github.com/Rasikrr/bagsy_backend_monolith/internal/domain/booking/slots.go:76.27,78.3 1 1
github.com/Rasikrr/bagsy_backend_monolith/internal/domain/booking/slots.go:80.2,81.48 2 1
github.com/Rasikrr/bagsy_backend_monolith/internal/domain/booking/slots.go:81.48,83.3 1 1
github.com/Rasikrr/bagsy_backend_monolith/internal/domain/booking/slots.go:83.8,84.28 1 1
github.com/Rasikrr/bagsy_backend_monolith/internal/domain/booking/slots.go:84.28,86.4 1 1
github.com/Rasikrr/bagsy_backend_monolith/internal/domain/booking/slots.go:87.3,90.4 1 1
github.com/Rasikrr/bagsy_backend_monolith/internal/domain/booking/slots.go:93.2,93.29 1 1
github.com/Rasikrr/bagsy_backend_monolith/internal/domain/booking/slots.go:93.29,95.3 1 0
github.com/Rasikrr/bagsy_backend_monolith/internal/domain/booking/slots.go:97.2,98.48 2 1
github.com/Rasikrr/bagsy_backend_monolith/internal/domain/booking/slots.go:98.48,100.3 1 1
github.com/Rasikrr/bagsy_backend_monolith/internal/domain/booking/slots.go:102.2,104.70 2 1
github.com/Rasikrr/bagsy_backend_monolith/internal/domain/booking/slots.go:104.70,106.3 1 1
github.com/Rasikrr/bagsy_backend_monolith/internal/domain/booking/slots.go:108.2,108.60 1 1
github.com/Rasikrr/bagsy_backend_monolith/internal/domain/booking/slots.go:121.9,126.48 4 1
github.com/Rasikrr/bagsy_backend_monolith/internal/domain/booking/slots.go:126.48,128.3 1 1
github.com/Rasikrr/bagsy_backend_monolith/internal/domain/booking/slots.go:128.8,133.3 1 1
github.com/Rasikrr/bagsy_backend_monolith/internal/domain/booking/slots.go:135.2,135.29 1 1
github.com/Rasikrr/bagsy_backend_monolith/internal/domain/booking/slots.go:135.29,137.3 1 1
github.com/Rasikrr/bagsy_backend_monolith/internal/domain/booking/slots.go:139.2,140.48 2 1
github.com/Rasikrr/bagsy_backend_monolith/internal/domain/booking/slots.go:140.48,142.3 1 1
github.com/Rasikrr/bagsy_backend_monolith/internal/domain/booking/slots.go:144.2,146.72 2 1
github.com/Rasikrr/bagsy_backend_monolith/internal/domain/booking/slots.go:146.72,148.3 1 1
github.com/Rasikrr/bagsy_backend_monolith/internal/domain/booking/slots.go:150.2,153.32 3 1
github.com/Rasikrr/bagsy_backend_monolith/internal/domain/booking/slots.go:153.32,154.62 1 1
github.com/Rasikrr/bagsy_backend_monolith/internal/domain/booking/slots.go:154.62,155.54 1 1
github.com/Rasikrr/bagsy_backend_monolith/internal/domain/booking/slots.go:155.54,157.5 1 1
github.com/Rasikrr/bagsy_backend_monolith/internal/domain/booking/slots.go:158.4,158.14 1 1
github.com/Rasikrr/bagsy_backend_monolith/internal/domain/booking/slots.go:162.2,162.28 1 1
github.com/Rasikrr/bagsy_backend_monolith/internal/domain/booking/slots.go:166.44,168.2 1 1
github.com/Rasikrr/bagsy_backend_monolith/internal/domain/booking/slots.go:170.92,172.26 2 1
github.com/Rasikrr/bagsy_backend_monolith/internal/domain/booking/slots.go:172.26,173.21 1 1
github.com/Rasikrr/bagsy_backend_monolith/internal/domain/booking/slots.go:173.21,175.4 1 1
github.com/Rasikrr/bagsy_backend_monolith/internal/domain/booking/slots.go:177.2,177.12 1 1
github.com/Rasikrr/bagsy_backend_monolith/internal/domain/booking/slots.go:180.92,182.26 2 1
github.com/Rasikrr/bagsy_backend_monolith/internal/domain/booking/slots.go:182.26,183.21 1 1
github.com/Rasikrr/bagsy_backend_monolith/internal/domain/booking/slots.go:183.21,185.4 1 1
github.com/Rasikrr/bagsy_backend_monolith/internal/domain/booking/slots.go:187.2,187.12 1 1
github.com/Rasikrr/bagsy_backend_monolith/internal/domain/booking/slots.go:190.92,192.26 2 1
github.com/Rasikrr/bagsy_backend_monolith/internal/domain/booking/slots.go:192.26,193.21 1 1
github.com/Rasikrr/bagsy_backend_monolith/internal/domain/booking/slots.go:193.21,195.4 1 1
github.com/Rasikrr/bagsy_backend_monolith/internal/domain/booking/slots.go:197.2,197.12 1 1
github.com/Rasikrr/bagsy_backend_monolith/internal/domain/booking/slots.go:200.92,202.26 2 1
github.com/Rasikrr/bagsy_backend_monolith/internal/domain/booking/slots.go:202.26,203.21 1 1
github.com/Rasikrr/bagsy_backend_monolith/internal/domain/booking/slots.go:203.21,205.4 1 1
github.com/Rasikrr/bagsy_backend_monolith/internal/domain/booking/slots.go:207.2,207.12 1 1
github.com/Rasikrr/bagsy_backend_monolith/internal/domain/booking/slots.go:210.51,212.2 1 1
github.com/Rasikrr/bagsy_backend_monolith/internal/domain/booking/slots.go:214.51,216.23 2 1
github.com/Rasikrr/bagsy_backend_monolith/internal/domain/booking/slots.go:216.23,217.24 1 1
github.com/Rasikrr/bagsy_backend_monolith/internal/domain/booking/slots.go:217.24,219.31 2 1
github.com/Rasikrr/bagsy_backend_monolith/internal/domain/booking/slots.go:219.31,221.5 1 1
github.com/Rasikrr/bagsy_backend_monolith/internal/domain/booking/slots.go:222.4,223.28 2 1
github.com/Rasikrr/bagsy_backend_monolith/internal/domain/booking/slots.go:223.28,225.5 1 1
github.com/Rasikrr/bagsy_backend_monolith/internal/domain/booking/slots.go:226.4,226.25 1 1
github.com/Rasikrr/bagsy_backend_monolith/internal/domain/booking/slots.go:226.25,228.5 1 1
github.com/Rasikrr/bagsy_backend_monolith/internal/domain/booking/slots.go:231.2,231.12 1 1
github.com/Rasikrr/bagsy_backend_monolith/internal/domain/booking/slots.go:234.70,236.26 2 1
github.com/Rasikrr/bagsy_backend_monolith/internal/domain/booking/slots.go:236.26,238.25 2 1
github.com/Rasikrr/bagsy_backend_monolith/internal/domain/booking/slots.go:238.25,240.4 1 1
github.com/Rasikrr/bagsy_backend_monolith/internal/domain/booking/slots.go:241.3,241.16 1 1
github.com/Rasikrr/bagsy_backend_monolith/internal/domain/booking/slots.go:243.2,243.12 1 1
github.com/Rasikrr/bagsy_backend_monolith/internal/domain/booking/slots.go:246.52,247.135 1 1
github.com/Rasikrr/bagsy_backend_monolith/internal/domain/booking/slots.go:247.135,249.3 1 1
github.com/Rasikrr/bagsy_backend_monolith/internal/domain/booking/slots.go:250.2,251.37 2 1
github.com/Rasikrr/bagsy_backend_monolith/internal/domain/booking/slots.go:251.37,253.3 1 1
github.com/Rasikrr/bagsy_backend_monolith/internal/domain/booking/slots.go:254.2,254.34 1 1
github.com/Rasikrr/bagsy_backend_monolith/internal/domain/booking/slots.go:254.34,256.3 1 1
github.com/Rasikrr/bagsy_backend_monolith/internal/domain/booking/slots.go:257.2,257.12 1 1
github.com/Rasikrr/bagsy_backend_monolith/internal/domain/booking/slots.go:260.76,263.6 3 1
github.com/Rasikrr/bagsy_backend_monolith/internal/domain/booking/slots.go:263.6,265.31 2 1
github.com/Rasikrr/bagsy_backend_monolith/internal/domain/booking/slots.go:265.31,266.9 1 1
github.com/Rasikrr/bagsy_backend_monolith/internal/domain/booking/slots.go:268.3,272.30 2 1
github.com/Rasikrr/bagsy_backend_monolith/internal/domain/booking/slots.go:274.2,274.12 1 1
github.com/Rasikrr/bagsy_backend_monolith/internal/domain/booking/status.go:13.32,14.11 1 0
github.com/Rasikrr/bagsy_backend_monolith/internal/domain/booking/status.go:15.90,16.14 1 0
github.com/Rasikrr/bagsy_backend_monolith/internal/domain/booking/status.go:18.2,18.14 1 0
github.com/Rasikrr/bagsy_backend_monolith/internal/domain/booking/status.go:21.33,23.2 1 0
github.com/Rasikrr/bagsy_backend_monolith/internal/domain/booking/status.go:25.32,27.2 1 0
github.com/Rasikrr/bagsy_backend_monolith/internal/domain/booking/status.go:29.53,39.9 3 0
github.com/Rasikrr/bagsy_backend_monolith/internal/domain/booking/status.go:39.9,41.3 1 0
github.com/Rasikrr/bagsy_backend_monolith/internal/domain/booking/status.go:43.2,43.28 1 0
github.com/Rasikrr/bagsy_backend_monolith/internal/domain/booking/status.go:43.28,44.18 1 0
github.com/Rasikrr/bagsy_backend_monolith/internal/domain/booking/status.go:44.18,46.4 1 0
github.com/Rasikrr/bagsy_backend_monolith/internal/domain/booking/status.go:48.2,48.14 1 0
github.com/Rasikrr/bagsy_backend_monolith/internal/domain/booking/status.go:51.44,53.23 2 0
github.com/Rasikrr/bagsy_backend_monolith/internal/domain/booking/status.go:53.23,55.3 1 0
github.com/Rasikrr/bagsy_backend_monolith/internal/domain/booking/status.go:56.2,56.20 1 0
github.com/Rasikrr/bagsy_backend_monolith/internal/repositories/access/models.go:31.66,33.16 2 0
github.com/Rasikrr/bagsy_backend_monolith/internal/repositories/access/models.go:33.16,35.3 1 0
github.com/Rasikrr/bagsy_backend_monolith/internal/repositories/access/models.go:37.2,38.16 2 0
github.com/Rasikrr/bagsy_backend_monolith/internal/repositories/access/models.go:38.16,40.3 1 0
github.com/Rasikrr/bagsy_backend_monolith/internal/repositories/access/models.go:42.2,43.33 2 0
github.com/Rasikrr/bagsy_backend_monolith/internal/repositories/access/models.go:43.33,45.3 1 0
github.com/Rasikrr/bagsy_backend_monolith/internal/repositories/access/models.go:47.2,65.33 4 0
github.com/Rasikrr/bagsy_backend_monolith/internal/repositories/access/models.go:65.33,68.17 3 0
github.com/Rasikrr/bagsy_backend_monolith/internal/repositories/access/models.go:68.17,70.4 1 0
github.com/Rasikrr/bagsy_backend_monolith/internal/repositories/access/models.go:71.3,71.29 1 0
github.com/Rasikrr/bagsy_backend_monolith/internal/repositories/access/models.go:74.2,75.23 2 0
github.com/Rasikrr/bagsy_backend_monolith/internal/repositories/access/models.go:75.23,77.17 2 0
github.com/Rasikrr/bagsy_backend_monolith/internal/repositories/access/models.go:77.17,79.4 1 0
github.com/Rasikrr/bagsy_backend_monolith/internal/repositories/access/models.go:82.2,83.73 2 0
github.com/Rasikrr/bagsy_backend_monolith/internal/repositories/access/models.go:83.73,85.69 2 0
github.com/Rasikrr/bagsy_backend_monolith/internal/repositories/access/models.go:85.69,87.4 1 0
github.com/Rasikrr/bagsy_backend_monolith/internal/repositories/access/models.go:89.3,89.37 1 0
github.com/Rasikrr/bagsy_backend_monolith/internal/repositories/access/models.go:89.37,91.18 2 0
github.com/Rasikrr/bagsy_backend_monolith/internal/repositories/access/models.go:91.18,93.5 1 0
github.com/Rasikrr/bagsy_backend_monolith/internal/repositories/access/models.go:93.10,96.5 1 0
github.com/Rasikrr/bagsy_backend_monolith/internal/repositories/access/models.go:97.4,97.54 1 0
github.com/Rasikrr/bagsy_backend_monolith/internal/repositories/access/models.go:101.2,111.8 2 0
github.com/Rasikrr/bagsy_backend_monolith/internal/repositories/access/repository.go:17.55,21.2 1 0
github.com/Rasikrr/bagsy_backend_monolith/internal/repositories/access/repository.go:23.107,25.78 2 0
github.com/Rasikrr/bagsy_backend_monolith/internal/repositories/access/repository.go:25.78,26.28 1 0
github.com/Rasikrr/bagsy_backend_monolith/internal/repositories/access/repository.go:26.28,29.4 1 0
github.com/Rasikrr/bagsy_backend_monolith/internal/repositories/access/repository.go:30.3,30.53 1 0
github.com/Rasikrr/bagsy_backend_monolith/internal/repositories/access/repository.go:33.2,33.21 1 0
github.com/Rasikrr/bagsy_backend_monolith/internal/domain/organization/organization.go:28.51,35.2 2 1
github.com/Rasikrr/bagsy_backend_monolith/internal/domain/organization/organization.go:39.77,40.19 1 1
github.com/Rasikrr/bagsy_backend_monolith/internal/domain/organization/organization.go:40.19,42.3 1 1
github.com/Rasikrr/bagsy_backend_monolith/internal/domain/organization/organization.go:43.2,43.55 1 1
github.com/Rasikrr/bagsy_backend_monolith/internal/domain/organization/organization.go:43.55,45.3 1 0
github.com/Rasikrr/bagsy_backend_monolith/internal/domain/organization/organization.go:46.2,47.16 2 1
github.com/Rasikrr/bagsy_backend_monolith/internal/domain/organization/organization.go:47.16,49.3 1 0
github.com/Rasikrr/bagsy_backend_monolith/internal/domain/organization/organization.go:50.2,56.12 5 1
github.com/Rasikrr/bagsy_backend_monolith/internal/domain/organization/organization.go:61.75,62.19 1 0
github.com/Rasikrr/bagsy_backend_monolith/internal/domain/organization/organization.go:62.19,64.3 1 0
github.com/Rasikrr/bagsy_backend_monolith/internal/domain/organization/organization.go:65.2,65.55 1 0
github.com/Rasikrr/bagsy_backend_monolith/internal/domain/organization/organization.go:65.55,67.3 1 0
github.com/Rasikrr/bagsy_backend_monolith/internal/domain/organization/organization.go:68.2,75.12 5 0
github.com/Rasikrr/bagsy_backend_monolith/internal/domain/organization/organization.go:78.49,80.2 1 0
github.com/Rasikrr/bagsy_backend_monolith/internal/domain/organization/organization.go:85.62,86.19 1 0
github.com/Rasikrr/bagsy_backend_monolith/internal/domain/organization/organization.go:86.19,88.3 1 0
github.com/Rasikrr/bagsy_backend_monolith/internal/domain/organization/organization.go:92.2,92.28 1 0
github.com/Rasikrr/bagsy_backend_monolith/internal/domain/organization/organization.go:92.28,94.3 1 0
github.com/Rasikrr/bagsy_backend_monolith/internal/domain/organization/organization.go:97.2,97.29 1 0
github.com/Rasikrr/bagsy_backend_monolith/internal/domain/organization/organization.go:97.29,99.3 1 0
github.com/Rasikrr/bagsy_backend_monolith/internal/domain/organization/organization.go:101.2,104.12 3 0
github.com/Rasikrr/bagsy_backend_monolith/internal/domain/organization/organization.go:107.40,109.2 1 0
github.com/Rasikrr/bagsy_backend_monolith/internal/domain/organization/organization.go:111.41,112.19 1 1
github.com/Rasikrr/bagsy_backend_monolith/internal/domain/organization/organization.go:112.19,114.3 1 1
github.com/Rasikrr/bagsy_backend_monolith/internal/domain/organization/organization.go:116.2,116.14 1 1
github.com/Rasikrr/bagsy_backend_monolith/internal/domain/organization/organization.go:116.14,118.3 1 0
github.com/Rasikrr/bagsy_backend_monolith/internal/domain/organization/organization.go:120.2,123.12 3 1
github.com/Rasikrr/bagsy_backend_monolith/internal/domain/organization/organization.go:126.43,127.19 1 1
github.com/Rasikrr/bagsy_backend_monolith/internal/domain/organization/organization.go:127.19,129.3 1 0
github.com/Rasikrr/bagsy_backend_monolith/internal/domain/organization/organization.go:131.2,131.15 1 1
github.com/Rasikrr/bagsy_backend_monolith/internal/domain/organization/organization.go:131.15,133.3 1 1
github.com/Rasikrr/bagsy_backend_monolith/internal/domain/organization/organization.go:135.2,138.12 3 1
github.com/Rasikrr/bagsy_backend_monolith/internal/domain/organization/organization.go:141.42,143.2 1 1
github.com/Rasikrr/bagsy_backend_monolith/internal/domain/organization/organization.go:145.39,146.19 1 1
github.com/Rasikrr/bagsy_backend_monolith/internal/domain/organization/organization.go:146.19,148.3 1 1
github.com/Rasikrr/bagsy_backend_monolith/internal/domain/organization/organization.go:150.2,154.12 4 1
github.com/Rasikrr/bagsy_backend_monolith/internal/domain/organization/organization.go:157.41,159.2 1 1
github.com/Rasikrr/bagsy_backend_monolith/internal/domain/organization/organization.go:161.32,164.2 2 1
github.com/Rasikrr/bagsy_backend_monolith/internal/domain/organization/organization.go:166.50,167.35 1 1
github.com/Rasikrr/bagsy_backend_monolith/internal/domain/organization/organization.go:167.35,169.3 1 0
github.com/Rasikrr/bagsy_backend_monolith/internal/domain/organization/organization.go:170.2,170.12 1 1
github.com/Rasikrr/bagsy_backend_monolith/pkg/hasher/hash.go:5.48,7.16 2 1
github.com/Rasikrr/bagsy_backend_monolith/pkg/hasher/hash.go:7.16,9.3 1 0
github.com/Rasikrr/bagsy_backend_monolith/pkg/hasher/hash.go:10.2,10.26 1 1
github.com/Rasikrr/bagsy_backend_monolith/pkg/hasher/hash.go:13.48,15.2 1 1
github.com/Rasikrr/bagsy_backend_monolith/pkg/s3/client.go:40.66,41.22 1 0
github.com/Rasikrr/bagsy_backend_monolith/pkg/s3/client.go:41.22,43.3 1 0
github.com/Rasikrr/bagsy_backend_monolith/pkg/s3/client.go:44.2,44.27 1 0
github.com/Rasikrr/bagsy_backend_monolith/pkg/s3/client.go:44.27,46.3 1 0
github.com/Rasikrr/bagsy_backend_monolith/pkg/s3/client.go:47.2,47.31 1 0
github.com/Rasikrr/bagsy_backend_monolith/pkg/s3/client.go:47.31,49.3 1 0
github.com/Rasikrr/bagsy_backend_monolith/pkg/s3/client.go:50.2,50.26 1 0
github.com/Rasikrr/bagsy_backend_monolith/pkg/s3/client.go:50.26,52.3 1 0
github.com/Rasikrr/bagsy_backend_monolith/pkg/s3/client.go:55.2,63.16 2 0
github.com/Rasikrr/bagsy_backend_monolith/pkg/s3/client.go:63.16,65.3 1 0
github.com/Rasikrr/bagsy_backend_monolith/pkg/s3/client.go:68.2,69.24 2 0
github.com/Rasikrr/bagsy_backend_monolith/pkg/s3/client.go:69.24,70.59 1 0
github.com/Rasikrr/bagsy_backend_monolith/pkg/s3/client.go:70.59,73.4 2 0
github.com/Rasikrr/bagsy_backend_monolith/pkg/s3/client.go:76.2,79.77 2 0
github.com/Rasikrr/bagsy_backend_monolith/pkg/s3/client.go:79.77,80.67 1 0
github.com/Rasikrr/bagsy_backend_monolith/pkg/s3/client.go:80.67,83.4 2 0
github.com/Rasikrr/bagsy_backend_monolith/pkg/s3/client.go:87.2,87.70 1 0
github.com/Rasikrr/bagsy_backend_monolith/pkg/s3/client.go:87.70,90.3 2 0
github.com/Rasikrr/bagsy_backend_monolith/pkg/s3/client.go:92.2,92.76 1 0
github.com/Rasikrr/bagsy_backend_monolith/pkg/s3/client.go:92.76,95.3 2 0
github.com/Rasikrr/bagsy_backend_monolith/pkg/s3/client.go:97.2,103.8 1 0
github.com/Rasikrr/bagsy_backend_monolith/pkg/s3/client.go:107.38,109.2 1 0
github.com/Rasikrr/bagsy_backend_monolith/pkg/s3/client.go:112.107,113.15 1 0
github.com/Rasikrr/bagsy_backend_monolith/pkg/s3/client.go:113.15,115.3 1 0
github.com/Rasikrr/bagsy_backend_monolith/pkg/s3/client.go:116.2,116.20 1 0
github.com/Rasikrr/bagsy_backend_monolith/pkg/s3/client.go:116.20,118.3 1 0
github.com/Rasikrr/bagsy_backend_monolith/pkg/s3/client.go:120.2,126.23 2 0
github.com/Rasikrr/bagsy_backend_monolith/pkg/s3/client.go:126.23,128.3 1 0
github.com/Rasikrr/bagsy_backend_monolith/pkg/s3/client.go:130.2,131.16 2 0
github.com/Rasikrr/bagsy_backend_monolith/pkg/s3/client.go:131.16,133.3 1 0
github.com/Rasikrr/bagsy_backend_monolith/pkg/s3/client.go:135.2,135.27 1 0
github.com/Rasikrr/bagsy_backend_monolith/pkg/s3/client.go:135.27,137.3 1 0
github.com/Rasikrr/bagsy_backend_monolith/pkg/s3/client.go:139.2,139.29 1 0
github.com/Rasikrr/bagsy_backend_monolith/pkg/s3/client.go:143.118,144.15 1 0
github.com/Rasikrr/bagsy_backend_monolith/pkg/s3/client.go:144.15,146.3 1 0
github.com/Rasikrr/bagsy_backend_monolith/pkg/s3/client.go:147.2,147.19 1 0
github.com/Rasikrr/bagsy_backend_monolith/pkg/s3/client.go:147.19,149.3 1 0
github.com/Rasikrr/bagsy_backend_monolith/pkg/s3/client.go:151.2,157.23 2 0
github.com/Rasikrr/bagsy_backend_monolith/pkg/s3/client.go:157.23,159.3 1 0
github.com/Rasikrr/bagsy_backend_monolith/pkg/s3/client.go:161.2,162.16 2 0
github.com/Rasikrr/bagsy_backend_monolith/pkg/s3/client.go:162.16,164.3 1 0
github.com/Rasikrr/bagsy_backend_monolith/pkg/s3/client.go:166.2,166.27 1 0
github.com/Rasikrr/bagsy_backend_monolith/pkg/s3/client.go:166.27,168.3 1 0
github.com/Rasikrr/bagsy_backend_monolith/pkg/s3/client.go:170.2,170.29 1 0
github.com/Rasikrr/bagsy_backend_monolith/pkg/s3/client.go:174.76,175.15 1 0
github.com/Rasikrr/bagsy_backend_monolith/pkg/s3/client.go:175.15,177.3 1 0
github.com/Rasikrr/bagsy_backend_monolith/pkg/s3/client.go:179.2,185.16 3 0
github.com/Rasikrr/bagsy_backend_monolith/pkg/s3/client.go:185.16,187.3 1 0
github.com/Rasikrr/bagsy_backend_monolith/pkg/s3/client.go:189.2,189.28 1 0
github.com/Rasikrr/bagsy_backend_monolith/pkg/s3/client.go:193.101,194.15 1 0
github.com/Rasikrr/bagsy_backend_monolith/pkg/s3/client.go:194.15,196.3 1 0
github.com/Rasikrr/bagsy_backend_monolith/pkg/s3/client.go:197.2,197.19 1 0
github.com/Rasikrr/bagsy_backend_monolith/pkg/s3/client.go:197.19,199.3 1 0
github.com/Rasikrr/bagsy_backend_monolith/pkg/s3/client.go:201.2,205.16 2 0
github.com/Rasikrr/bagsy_backend_monolith/pkg/s3/client.go:205.16,207.3 1 0
github.com/Rasikrr/bagsy_backend_monolith/pkg/s3/client.go:209.2,209.15 1 0
github.com/Rasikrr/bagsy_backend_monolith/pkg/s3/client.go:213.64,214.15 1 0
github.com/Rasikrr/bagsy_backend_monolith/pkg/s3/client.go:214.15,216.3 1 0
github.com/Rasikrr/bagsy_backend_monolith/pkg/s3/client.go:218.2,222.16 2 0
github.com/Rasikrr/bagsy_backend_monolith/pkg/s3/client.go:222.16,224.3 1 0
github.com/Rasikrr/bagsy_backend_monolith/pkg/s3/client.go:226.2,226.12 1 0
github.com/Rasikrr/bagsy_backend_monolith/pkg/s3/client.go:230.75,231.20 1 0
github.com/Rasikrr/bagsy_backend_monolith/pkg/s3/client.go:231.20,233.3 1 0
github.com/Rasikrr/bagsy_backend_monolith/pkg/s3/client.go:235.2,236.27 2 0
github.com/Rasikrr/bagsy_backend_monolith/pkg/s3/client.go:236.27,237.16 1 0
github.com/Rasikrr/bagsy_backend_monolith/pkg/s3/client.go:237.16,239.4 1 0
github.com/Rasikrr/bagsy_backend_monolith/pkg/s3/client.go:242.2,242.25 1 0
github.com/Rasikrr/bagsy_backend_monolith/pkg/s3/client.go:242.25,244.3 1 0
github.com/Rasikrr/bagsy_backend_monolith/pkg/s3/client.go:246.2,253.16 2 0
github.com/Rasikrr/bagsy_backend_monolith/pkg/s3/client.go:253.16,255.3 1 0
github.com/Rasikrr/bagsy_backend_monolith/pkg/s3/client.go:257.2,257.12 1 0
github.com/Rasikrr/bagsy_backend_monolith/pkg/s3/client.go:261.77,266.18 2 0
github.com/Rasikrr/bagsy_backend_monolith/pkg/s3/client.go:266.18,268.3 1 0
github.com/Rasikrr/bagsy_backend_monolith/pkg/s3/client.go:270.2,273.31 3 0
github.com/Rasikrr/bagsy_backend_monolith/pkg/s3/client.go:273.31,275.17 2 0
github.com/Rasikrr/bagsy_backend_monolith/pkg/s3/client.go:275.17,277.4 1 0
github.com/Rasikrr/bagsy_backend_monolith/pkg/s3/client.go:279.3,279.39 1 0
github.com/Rasikrr/bagsy_backend_monolith/pkg/s3/client.go:279.39,280.22 1 0
github.com/Rasikrr/bagsy_backend_monolith/pkg/s3/client.go:280.22,282.5 1 0
github.com/Rasikrr/bagsy_backend_monolith/pkg/s3/client.go:286.2,286.18 1 0
github.com/Rasikrr/bagsy_backend_monolith/pkg/s3/client.go:290.92,295.18 2 0
github.com/Rasikrr/bagsy_backend_monolith/pkg/s3/client.go:295.18,297.3 1 0
github.com/Rasikrr/bagsy_backend_monolith/pkg/s3/client.go:299.2,302.31 3 0
github.com/Rasikrr/bagsy_backend_monolith/pkg/s3/client.go:302.31,304.17 2 0
github.com/Rasikrr/bagsy_backend_monolith/pkg/s3/client.go:304.17,306.4 1 0
github.com/Rasikrr/bagsy_backend_monolith/pkg/s3/client.go:308.3,308.39 1 0
github.com/Rasikrr/bagsy_backend_monolith/pkg/s3/client.go:308.39,315.4 1 0
github.com/Rasikrr/bagsy_backend_monolith/pkg/s3/client.go:318.2,318.21 1 0
github.com/Rasikrr/bagsy_backend_monolith/pkg/s3/client.go:322.72,323.15 1 0
github.com/Rasikrr/bagsy_backend_monolith/pkg/s3/client.go:323.15,325.3 1 0
github.com/Rasikrr/bagsy_backend_monolith/pkg/s3/client.go:327.2,331.16 2 0
github.com/Rasikrr/bagsy_backend_monolith/pkg/s3/client.go:331.16,334.84 2 0
github.com/Rasikrr/bagsy_backend_monolith/pkg/s3/client.go:334.84,336.4 1 0
github.com/Rasikrr/bagsy_backend_monolith/pkg/s3/client.go:337.3,337.76 1 0
github.com/Rasikrr/bagsy_backend_monolith/pkg/s3/client.go:340.2,340.18 1 0
github.com/Rasikrr/bagsy_backend_monolith/pkg/s3/client.go:344.44,345.15 1 0
github.com/Rasikrr/bagsy_backend_monolith/pkg/s3/client.go:345.15,347.3 1 0
github.com/Rasikrr/bagsy_backend_monolith/pkg/s3/client.go:349.2,349.63 1 0
github.com/Rasikrr/bagsy_backend_monolith/pkg/s3/client.go:356.139,357.15 1 0
github.com/Rasikrr/bagsy_backend_monolith/pkg/s3/client.go:357.15,359.3 1 0
github.com/Rasikrr/bagsy_backend_monolith/pkg/s3/client.go:360.2,360.20 1 0
github.com/Rasikrr/bagsy_backend_monolith/pkg/s3/client.go:360.20,362.3 1 0
github.com/Rasikrr/bagsy_backend_monolith/pkg/s3/client.go:364.2,369.23 2 0
github.com/Rasikrr/bagsy_backend_monolith/pkg/s3/client.go:369.23,371.3 1 0
github.com/Rasikrr/bagsy_backend_monolith/pkg/s3/client.go:373.2,373.98 1 0
github.com/Rasikrr/bagsy_backend_monolith/pkg/s3/client.go:373.98,375.3 1 0
github.com/Rasikrr/bagsy_backend_monolith/pkg/s3/client.go:376.2,376.16 1 0
github.com/Rasikrr/bagsy_backend_monolith/pkg/s3/client.go:376.16,378.3 1 0
github.com/Rasikrr/bagsy_backend_monolith/pkg/s3/client.go:380.2,380.30 1 0
github.com/Rasikrr/bagsy_backend_monolith/pkg/s3/client.go:386.121,387.15 1 0
github.com/Rasikrr/bagsy_backend_monolith/pkg/s3/client.go:387.15,389.3 1 0
github.com/Rasikrr/bagsy_backend_monolith/pkg/s3/client.go:390.2,390.20 1 0
github.com/Rasikrr/bagsy_backend_monolith/pkg/s3/client.go:390.20,392.3 1 0
github.com/Rasikrr/bagsy_backend_monolith/pkg/s3/client.go:394.2,399.98 2 0
github.com/Rasikrr/bagsy_backend_monolith/pkg/s3/client.go:399.98,401.3 1 0
github.com/Rasikrr/bagsy_backend_monolith/pkg/s3/client.go:402.2,402.16 1 0
github.com/Rasikrr/bagsy_backend_monolith/pkg/s3/client.go:402.16,404.3 1 0
github.com/Rasikrr/bagsy_backend_monolith/pkg/s3/client.go:406.2,406.30 1 0
github.com/Rasikrr/bagsy_backend_monolith/pkg/s3/client.go:411.124,412.23 1 0
github.com/Rasikrr/bagsy_backend_monolith/pkg/s3/client.go:412.23,414.3 1 0
github.com/Rasikrr/bagsy_backend_monolith/pkg/s3/client.go:415.2,415.26 1 0
github.com/Rasikrr/bagsy_backend_monolith/pkg/s3/client.go:415.26,417.3 1 0
github.com/Rasikrr/bagsy_backend_monolith/pkg/s3/client.go:419.2,426.34 3 0
github.com/Rasikrr/bagsy_backend_monolith/pkg/s3/client.go:426.34,432.3 1 0
github.com/Rasikrr/bagsy_backend_monolith/pkg/s3/client.go:433.2,433.31 1 0
github.com/Rasikrr/bagsy_backend_monolith/pkg/s3/client.go:433.31,437.3 1 0
github.com/Rasikrr/bagsy_backend_monolith/pkg/s3/client.go:439.2,439.103 1 0
github.com/Rasikrr/bagsy_backend_monolith/pkg/s3/client.go:439.103,442.3 2 0
github.com/Rasikrr/bagsy_backend_monolith/pkg/s3/client.go:443.2,443.16 1 0
github.com/Rasikrr/bagsy_backend_monolith/pkg/s3/client.go:443.16,445.3 1 0
github.com/Rasikrr/bagsy_backend_monolith/pkg/s3/client.go:447.2,448.31 2 0
github.com/Rasikrr/bagsy_backend_monolith/pkg/s3/client.go:448.31,449.43 1 0
github.com/Rasikrr/bagsy_backend_monolith/pkg/s3/client.go:449.43,451.4 1 0
github.com/Rasikrr/bagsy_backend_monolith/pkg/s3/client.go:454.2,457.8 1 0
github.com/Rasikrr/bagsy_backend_monolith/pkg/whatsapp/client.go:16.71,27.2 2 0
github.com/Rasikrr/bagsy_backend_monolith/pkg/whatsapp/client.go:29.84,30.23 1 0
github.com/Rasikrr/bagsy_backend_monolith/pkg/whatsapp/client.go:30.23,32.3 1 0
github.com/Rasikrr/bagsy_backend_monolith/pkg/whatsapp/client.go:33.2,33.19 1 0
github.com/Rasikrr/bagsy_backend_monolith/pkg/whatsapp/client.go:33.19,35.3 1 0
github.com/Rasikrr/bagsy_backend_monolith/pkg/whatsapp/client.go:37.2,40.16 3 0
github.com/Rasikrr/bagsy_backend_monolith/pkg/whatsapp/client.go:40.16,42.3 1 0
github.com/Rasikrr/bagsy_backend_monolith/pkg/whatsapp/client.go:44.2,44.17 1 0
github.com/Rasikrr/bagsy_backend_monolith/pkg/whatsapp/client.go:44.17,46.3 1 0
github.com/Rasikrr/bagsy_backend_monolith/pkg/whatsapp/client.go:48.2,48.12 1 0
github.com/Rasikrr/bagsy_backend_monolith/pkg/whatsapp/client.go:51.95,52.23 1 0
github.com/Rasikrr/bagsy_backend_monolith/pkg/whatsapp/client.go:52.23,54.3 1 0
github.com/Rasikrr/bagsy_backend_monolith/pkg/whatsapp/client.go:55.2,55.19 1 0
github.com/Rasikrr/bagsy_backend_monolith/pkg/whatsapp/client.go:55.19,57.3 1 0
github.com/Rasikrr/bagsy_backend_monolith/pkg/whatsapp/client.go:59.2,62.19 3 0
github.com/Rasikrr/bagsy_backend_monolith/pkg/whatsapp/client.go:62.19,64.3 1 0
github.com/Rasikrr/bagsy_backend_monolith/pkg/whatsapp/client.go:66.2,67.16 2 0
github.com/Rasikrr/bagsy_backend_monolith/pkg/whatsapp/client.go:67.16,69.3 1 0
github.com/Rasikrr/bagsy_backend_monolith/pkg/whatsapp/client.go:71.2,71.53 1 0
github.com/Rasikrr/bagsy_backend_monolith/pkg/whatsapp/client.go:71.53,73.3 1 0
github.com/Rasikrr/bagsy_backend_monolith/pkg/whatsapp/client.go:75.2,75.12 1 0
github.com/Rasikrr/bagsy_backend_monolith/pkg/whatsapp/client.go:78.99,79.23 1 0
github.com/Rasikrr/bagsy_backend_monolith/pkg/whatsapp/client.go:79.23,81.3 1 0
github.com/Rasikrr/bagsy_backend_monolith/pkg/whatsapp/client.go:82.2,82.20 1 0
github.com/Rasikrr/bagsy_backend_monolith/pkg/whatsapp/client.go:82.20,84.3 1 0
github.com/Rasikrr/bagsy_backend_monolith/pkg/whatsapp/client.go:86.2,89.19 3 0
github.com/Rasikrr/bagsy_backend_monolith/pkg/whatsapp/client.go:89.19,91.3 1 0
github.com/Rasikrr/bagsy_backend_monolith/pkg/whatsapp/client.go:93.2,94.16 2 0
github.com/Rasikrr/bagsy_backend_monolith/pkg/whatsapp/client.go:94.16,96.3 1 0
github.com/Rasikrr/bagsy_backend_monolith/pkg/whatsapp/client.go:98.2,98.53 1 0
github.com/Rasikrr/bagsy_backend_monolith/pkg/whatsapp/client.go:98.53,100.3 1 0
github.com/Rasikrr/bagsy_backend_monolith/pkg/whatsapp/client.go:102.2,102.12 1 0
github.com/Rasikrr/bagsy_backend_monolith/pkg/whatsapp/client.go:105.126,106.23 1 0
github.com/Rasikrr/bagsy_backend_monolith/pkg/whatsapp/client.go:106.23,108.3 1 0
github.com/Rasikrr/bagsy_backend_monolith/pkg/whatsapp/client.go:110.2,113.24 3 0
github.com/Rasikrr/bagsy_backend_monolith/pkg/whatsapp/client.go:113.24,115.3 1 0
github.com/Rasikrr/bagsy_backend_monolith/pkg/whatsapp/client.go:117.2,118.16 2 0
github.com/Rasikrr/bagsy_backend_monolith/pkg/whatsapp/client.go:118.16,120.3 1 0
github.com/Rasikrr/bagsy_backend_monolith/pkg/whatsapp/client.go:122.2,122.53 1 0
github.com/Rasikrr/bagsy_backend_monolith/pkg/whatsapp/client.go:122.53,124.3 1 0
github.com/Rasikrr/bagsy_backend_monolith/pkg/whatsapp/client.go:126.2,126.12 1 0
github.com/Rasikrr/bagsy_backend_monolith/pkg/whatsapp/client.go:129.92,130.23 1 0
github.com/Rasikrr/bagsy_backend_monolith/pkg/whatsapp/client.go:130.23,132.3 1 0
github.com/Rasikrr/bagsy_backend_monolith/pkg/whatsapp/client.go:133.2,133.31 1 0
github.com/Rasikrr/bagsy_backend_monolith/pkg/whatsapp/client.go:133.31,135.3 1 0
github.com/Rasikrr/bagsy_backend_monolith/pkg/whatsapp/client.go:137.2,148.16 4 0
github.com/Rasikrr/bagsy_backend_monolith/pkg/whatsapp/client.go:148.16,150.3 1 0
github.com/Rasikrr/bagsy_backend_monolith/pkg/whatsapp/client.go:152.2,152.53 1 0
github.com/Rasikrr/bagsy_backend_monolith/pkg/whatsapp/client.go:152.53,154.3 1 0
github.com/Rasikrr/bagsy_backend_monolith/pkg/whatsapp/client.go:156.2,156.12 1 0
github.com/Rasikrr/bagsy_backend_monolith/pkg/whatsapp/client.go:160.78,162.16 2 0
github.com/Rasikrr/bagsy_backend_monolith/pkg/whatsapp/client.go:162.16,164.3 1 0
github.com/Rasikrr/bagsy_backend_monolith/pkg/whatsapp/client.go:166.2,166.53 1 0
github.com/Rasikrr/bagsy_backend_monolith/pkg/whatsapp/client.go:166.53,168.3 1 0
github.com/Rasikrr/bagsy_backend_monolith/pkg/whatsapp/client.go:170.2,171.76 2 0
github.com/Rasikrr/bagsy_backend_monolith/pkg/whatsapp/client.go:171.76,173.3 1 0
github.com/Rasikrr/bagsy_backend_monolith/pkg/whatsapp/client.go:175.2,175.20 1 0
github.com/Rasikrr/bagsy_backend_monolith/pkg/whatsapp/client.go:179.68,181.16 2 0
github.com/Rasikrr/bagsy_backend_monolith/pkg/whatsapp/client.go:181.16,183.3 1 0
github.com/Rasikrr/bagsy_backend_monolith/pkg/whatsapp/client.go:185.2,185.53 1 0
github.com/Rasikrr/bagsy_backend_monolith/pkg/whatsapp/client.go:185.53,187.3 1 0
github.com/Rasikrr/bagsy_backend_monolith/pkg/whatsapp/client.go:189.2,190.79 2 0
github.com/Rasikrr/bagsy_backend_monolith/pkg/whatsapp/client.go:190.79,192.3 1 0
github.com/Rasikrr/bagsy_backend_monolith/pkg/whatsapp/client.go:194.2,194.23 1 0
github.com/Rasikrr/bagsy_backend_monolith/pkg/whatsapp/client.go:198.74,201.31 2 0
github.com/Rasikrr/bagsy_backend_monolith/pkg/whatsapp/client.go:201.31,203.3 1 0
github.com/Rasikrr/bagsy_backend_monolith/pkg/whatsapp/client.go:204.2,204.36 1 0
github.com/Rasikrr/bagsy_backend_monolith/pkg/whatsapp/client.go:204.36,206.3 1 0
github.com/Rasikrr/bagsy_backend_monolith/pkg/whatsapp/client.go:207.2,207.38 1 0
github.com/Rasikrr/bagsy_backend_monolith/pkg/whatsapp/client.go:207.38,209.3 1 0
github.com/Rasikrr/bagsy_backend_monolith/pkg/whatsapp/client.go:210.2,210.36 1 0
github.com/Rasikrr/bagsy_backend_monolith/pkg/whatsapp/client.go:210.36,212.3 1 0
github.com/Rasikrr/bagsy_backend_monolith/pkg/whatsapp/client.go:213.2,213.30 1 0
github.com/Rasikrr/bagsy_backend_monolith/pkg/whatsapp/client.go:213.30,215.3 1 0
github.com/Rasikrr/bagsy_backend_monolith/pkg/whatsapp/client.go:216.2,216.30 1 0
github.com/Rasikrr/bagsy_backend_monolith/pkg/whatsapp/client.go:216.30,218.3 1 0
github.com/Rasikrr/bagsy_backend_monolith/pkg/whatsapp/client.go:220.2,221.16 2 0
github.com/Rasikrr/bagsy_backend_monolith/pkg/whatsapp/client.go:221.16,223.3 1 0
github.com/Rasikrr/bagsy_backend_monolith/pkg/whatsapp/client.go:225.2,225.53 1 0
github.com/Rasikrr/bagsy_backend_monolith/pkg/whatsapp/client.go:225.53,227.3 1 0
github.com/Rasikrr/bagsy_backend_monolith/pkg/whatsapp/client.go:229.2,229.12 1 0
github.com/Rasikrr/bagsy_backend_monolith/pkg/whatsapp/client.go:233.50,235.16 2 0
github.com/Rasikrr/bagsy_backend_monolith/pkg/whatsapp/client.go:235.16,237.3 1 0
github.com/Rasikrr/bagsy_backend_monolith/pkg/whatsapp/client.go:238.2,238.17 1 0
github.com/Rasikrr/bagsy_backend_monolith/pkg/whatsapp/client.go:238.17,240.3 1 0
github.com/Rasikrr/bagsy_backend_monolith/pkg/whatsapp/client.go:242.2,242.12 1 0
github.com/Rasikrr/bagsy_backend_monolith/pkg/whatsapp/client.go:246.50,248.16 2 0
github.com/Rasikrr/bagsy_backend_monolith/pkg/whatsapp/client.go:248.16,250.3 1 0
github.com/Rasikrr/bagsy_backend_monolith/pkg/whatsapp/client.go:252.2,252.17 1 0
github.com/Rasikrr/bagsy_backend_monolith/pkg/whatsapp/client.go:252.17,254.3 1 0
github.com/Rasikrr/bagsy_backend_monolith/pkg/whatsapp/client.go:256.2,256.12 1 0
github.com/Rasikrr/bagsy_backend_monolith/pkg/whatsapp/client.go:260.92,261.18 1 0
github.com/Rasikrr/bagsy_backend_monolith/pkg/whatsapp/client.go:261.18,263.3 1 0
github.com/Rasikrr/bagsy_backend_monolith/pkg/whatsapp/client.go:264.2,264.21 1 0
github.com/Rasikrr/bagsy_backend_monolith/pkg/whatsapp/client.go:264.21,266.3 1 0
github.com/Rasikrr/bagsy_backend_monolith/pkg/whatsapp/client.go:268.2,269.16 2 0
github.com/Rasikrr/bagsy_backend_monolith/pkg/whatsapp/client.go:269.16,271.3 1 0
github.com/Rasikrr/bagsy_backend_monolith/pkg/whatsapp/client.go:273.2,273.53 1 0
github.com/Rasikrr/bagsy_backend_monolith/pkg/whatsapp/client.go:273.53,275.3 1 0
github.com/Rasikrr/bagsy_backend_monolith/pkg/whatsapp/client.go:277.2,277.23 1 0
github.com/Rasikrr/bagsy_backend_monolith/pkg/whatsapp/client.go:280.45,281.39 1 1
github.com/Rasikrr/bagsy_backend_monolith/pkg/whatsapp/client.go:281.39,283.3 1 1
github.com/Rasikrr/bagsy_backend_monolith/pkg/whatsapp/client.go:284.2,284.24 1 1
github.com/Rasikrr/bagsy_backend_monolith/pkg/whatsapp/webhooks.go:163.58,165.2 1 0
github.com/Rasikrr/bagsy_backend_monolith/pkg/whatsapp/webhooks.go:168.48,170.2 1 0
github.com/Rasikrr/bagsy_backend_monolith/pkg/whatsapp/webhooks.go:173.44,175.2 1 0
github.com/Rasikrr/bagsy_backend_monolith/pkg/whatsapp/webhooks.go:178.45,184.2 1 0
github.com/Rasikrr/bagsy_backend_monolith/pkg/whatsapp/webhooks.go:187.48,189.2 1 0
github.com/Rasikrr/bagsy_backend_monolith/pkg/whatsapp/webhooks.go:192.47,194.2 1 0
github.com/Rasikrr/bagsy_backend_monolith/pkg/whatsapp/webhooks.go:197.40,198.30 1 0
github.com/Rasikrr/bagsy_backend_monolith/pkg/whatsapp/webhooks.go:198.30,200.3 1 0
github.com/Rasikrr/bagsy_backend_monolith/pkg/whatsapp/webhooks.go:201.2,201.38 1 0
github.com/Rasikrr/bagsy_backend_monolith/pkg/whatsapp/webhooks.go:201.38,203.3 1 0
github.com/Rasikrr/bagsy_backend_monolith/pkg/whatsapp/webhooks.go:204.2,204.11 1 0
github.com/Rasikrr/bagsy_backend_monolith/pkg/whatsapp/webhooks.go:208.43,209.31 1 0
github.com/Rasikrr/bagsy_backend_monolith/pkg/whatsapp/webhooks.go:209.31,211.3 1 0
github.com/Rasikrr/bagsy_backend_monolith/pkg/whatsapp/webhooks.go:212.2,212.31 1 0
github.com/Rasikrr/bagsy_backend_monolith/pkg/whatsapp/webhooks.go:212.31,214.3 1 0
github.com/Rasikrr/bagsy_backend_monolith/pkg/whatsapp/webhooks.go:215.2,215.34 1 0
github.com/Rasikrr/bagsy_backend_monolith/pkg/whatsapp/webhooks.go:215.34,217.3 1 0
github.com/Rasikrr/bagsy_backend_monolith/pkg/whatsapp/webhooks.go:218.2,218.31 1 0
github.com/Rasikrr/bagsy_backend_monolith/pkg/whatsapp/webhooks.go:218.31,220.3 1 0
github.com/Rasikrr/bagsy_backend_monolith/pkg/whatsapp/webhooks.go:221.2,221.11 1 0
github.com/Rasikrr/bagsy_backend_monolith/pkg/whatsapp/webhooks.go:225.43,226.31 1 0
github.com/Rasikrr/bagsy_backend_monolith/pkg/whatsapp/webhooks.go:226.31,228.3 1 0
github.com/Rasikrr/bagsy_backend_monolith/pkg/whatsapp/webhooks.go:229.2,229.31 1 0
github.com/Rasikrr/bagsy_backend_monolith/pkg/whatsapp/webhooks.go:229.31,231.3 1 0
github.com/Rasikrr/bagsy_backend_monolith/pkg/whatsapp/webhooks.go:232.2,232.34 1 0
github.com/Rasikrr/bagsy_backend_monolith/pkg/whatsapp/webhooks.go:232.34,234.3 1 0
github.com/Rasikrr/bagsy_backend_monolith/pkg/whatsapp/webhooks.go:235.2,235.31 1 0
github.com/Rasikrr/bagsy_backend_monolith/pkg/whatsapp/webhooks.go:235.31,237.3 1 0
github.com/Rasikrr/bagsy_backend_monolith/pkg/whatsapp/webhooks.go:238.2,238.11 1 0
github.com/Rasikrr/bagsy_backend_monolith/docs/swagger/docs.go:1792.13,1794.2 1 0
github.com/Rasikrr/bagsy_backend_monolith/cmd/app/main.go:10.13,14.37 3 0
github.com/Rasikrr/bagsy_backend_monolith/cmd/app/main.go:14.37,16.3 1 0
github.com/Rasikrr/bagsy_backend_monolith/internal/domain/access/context.go:16.68,18.2 1 0
github.com/Rasikrr/bagsy_backend_monolith/internal/domain/access/context.go:20.64,23.2 2 0
github.com/Rasikrr/bagsy_backend_monolith/internal/domain/access/context.go:25.74,27.2 1 0
github.com/Rasikrr/bagsy_backend_monolith/internal/domain/access/context.go:29.69,32.2 2 0
github.com/Rasikrr/bagsy_backend_monolith/internal/domain/access/plan_info.go:16.73,18.2 1 0
github.com/Rasikrr/bagsy_backend_monolith/internal/domain/access/plan_info.go:21.64,22.16 1 0
github.com/Rasikrr/bagsy_backend_monolith/internal/domain/access/plan_info.go:22.16,24.3 1 0
github.com/Rasikrr/bagsy_backend_monolith/internal/domain/access/plan_info.go:25.2,26.9 2 0
github.com/Rasikrr/bagsy_backend_monolith/internal/domain/access/plan_info.go:26.9,28.3 1 0
github.com/Rasikrr/bagsy_backend_monolith/internal/domain/access/plan_info.go:30.2,30.49 1 0
github.com/Rasikrr/bagsy_backend_monolith/internal/domain/access/plan_info.go:35.73,36.16 1 0
github.com/Rasikrr/bagsy_backend_monolith/internal/domain/access/plan_info.go:36.16,38.3 1 0
github.com/Rasikrr/bagsy_backend_monolith/internal/domain/access/plan_info.go:39.2,40.9 2 0
github.com/Rasikrr/bagsy_backend_monolith/internal/domain/access/plan_info.go:40.9,42.3 1 0
github.com/Rasikrr/bagsy_backend_monolith/internal/domain/access/plan_info.go:43.2,43.33 1 0
github.com/Rasikrr/bagsy_backend_monolith/internal/domain/identity/customer.go:27.93,28.21 1 0
github.com/Rasikrr/bagsy_backend_monolith/internal/domain/identity/customer.go:28.21,30.3 1 0
github.com/Rasikrr/bagsy_backend_monolith/internal/domain/identity/customer.go:31.2,31.40 1 0
github.com/Rasikrr/bagsy_backend_monolith/internal/domain/identity/customer.go:31.40,33.3 1 0
github.com/Rasikrr/bagsy_backend_monolith/internal/domain/identity/customer.go:35.2,41.8 1 0
github.com/Rasikrr/bagsy_backend_monolith/internal/domain/identity/customer.go:48.98,49.19 1 0
github.com/Rasikrr/bagsy_backend_monolith/internal/domain/identity/customer.go:49.19,51.3 1 0
github.com/Rasikrr/bagsy_backend_monolith/internal/domain/identity/customer.go:52.2,52.40 1 0
github.com/Rasikrr/bagsy_backend_monolith/internal/domain/identity/customer.go:52.40,54.3 1 0
github.com/Rasikrr/bagsy_backend_monolith/internal/domain/identity/customer.go:56.2,60.12 5 0
github.com/Rasikrr/bagsy_backend_monolith/internal/domain/identity/customer.go:63.35,64.19 1 0
github.com/Rasikrr/bagsy_backend_monolith/internal/domain/identity/customer.go:64.19,66.3 1 0
github.com/Rasikrr/bagsy_backend_monolith/internal/domain/identity/customer.go:67.2,69.12 3 0
github.com/Rasikrr/bagsy_backend_monolith/internal/domain/identity/customer.go:76.37,78.2 1 0
github.com/Rasikrr/bagsy_backend_monolith/internal/domain/identity/customer.go:80.38,81.23 1 0
github.com/Rasikrr/bagsy_backend_monolith/internal/domain/identity/customer.go:81.23,83.3 1 0
github.com/Rasikrr/bagsy_backend_monolith/internal/domain/identity/customer.go:84.2,84.40 1 0
github.com/Rasikrr/bagsy_backend_monolith/internal/domain/identity/customer.go:91.28,94.2 2 0
github.com/Rasikrr/bagsy_backend_monolith/internal/domain/identity/customer_base.go:48.69,60.2 1 0
github.com/Rasikrr/bagsy_backend_monolith/internal/domain/identity/customer_base.go:71.3,77.2 5 0
github.com/Rasikrr/bagsy_backend_monolith/internal/domain/identity/customer_base.go:79.69,89.2 3 0
github.com/Rasikrr/bagsy_backend_monolith/internal/domain/identity/customer_base.go:95.33,98.2 2 0
github.com/Rasikrr/bagsy_backend_monolith/internal/domain/identity/employee.go:54.68,55.63 1 0
github.com/Rasikrr/bagsy_backend_monolith/internal/domain/identity/employee.go:55.63,57.3 1 0
github.com/Rasikrr/bagsy_backend_monolith/internal/domain/identity/employee.go:58.2,58.28 1 0
github.com/Rasikrr/bagsy_backend_monolith/internal/domain/identity/employee.go:58.28,60.3 1 0
github.com/Rasikrr/bagsy_backend_monolith/internal/domain/identity/employee.go:62.2,72.8 1 0
github.com/Rasikrr/bagsy_backend_monolith/internal/domain/identity/employee.go:75.66,76.63 1 0
github.com/Rasikrr/bagsy_backend_monolith/internal/domain/identity/employee.go:76.63,78.3 1 0
github.com/Rasikrr/bagsy_backend_monolith/internal/domain/identity/employee.go:79.2,79.28 1 0
github.com/Rasikrr/bagsy_backend_monolith/internal/domain/identity/employee.go:79.28,81.3 1 0
github.com/Rasikrr/bagsy_backend_monolith/internal/domain/identity/employee.go:82.2,82.28 1 0
github.com/Rasikrr/bagsy_backend_monolith/internal/domain/identity/employee.go:82.28,84.3 1 0
github.com/Rasikrr/bagsy_backend_monolith/internal/domain/identity/employee.go:86.2,97.8 1 0
github.com/Rasikrr/bagsy_backend_monolith/internal/domain/identity/employee.go:104.76,105.19 1 0
github.com/Rasikrr/bagsy_backend_monolith/internal/domain/identity/employee.go:105.19,107.3 1 0
github.com/Rasikrr/bagsy_backend_monolith/internal/domain/identity/employee.go:108.2,108.56 1 0
github.com/Rasikrr/bagsy_backend_monolith/internal/domain/identity/employee.go:108.56,110.3 1 0
github.com/Rasikrr/bagsy_backend_monolith/internal/domain/identity/employee.go:112.2,115.12 4 0
github.com/Rasikrr/bagsy_backend_monolith/internal/domain/identity/employee.go:118.59,119.19 1 0
github.com/Rasikrr/bagsy_backend_monolith/internal/domain/identity/employee.go:119.19,121.3 1 0
github.com/Rasikrr/bagsy_backend_monolith/internal/domain/identity/employee.go:122.2,122.50 1 0
github.com/Rasikrr/bagsy_backend_monolith/internal/domain/identity/employee.go:122.50,124.3 1 0
github.com/Rasikrr/bagsy_backend_monolith/internal/domain/identity/employee.go:125.2,127.12 3 0
github.com/Rasikrr/bagsy_backend_monolith/internal/domain/identity/employee.go:130.51,131.19 1 0
github.com/Rasikrr/bagsy_backend_monolith/internal/domain/identity/employee.go:131.19,133.3 1 0
github.com/Rasikrr/bagsy_backend_monolith/internal/domain/identity/employee.go:134.2,134.24 1 0
github.com/Rasikrr/bagsy_backend_monolith/internal/domain/identity/employee.go:134.24,136.3 1 0
github.com/Rasikrr/bagsy_backend_monolith/internal/domain/identity/employee.go:138.2,140.12 3 0
github.com/Rasikrr/bagsy_backend_monolith/internal/domain/identity/employee.go:143.66,144.19 1 0
github.com/Rasikrr/bagsy_backend_monolith/internal/domain/identity/employee.go:144.19,146.3 1 0
github.com/Rasikrr/bagsy_backend_monolith/internal/domain/identity/employee.go:148.2,150.12 3 0
github.com/Rasikrr/bagsy_backend_monolith/internal/domain/identity/employee.go:153.57,154.19 1 0
github.com/Rasikrr/bagsy_backend_monolith/internal/domain/identity/employee.go:154.19,156.3 1 0
github.com/Rasikrr/bagsy_backend_monolith/internal/domain/identity/employee.go:158.2,160.12 3 0
github.com/Rasikrr/bagsy_backend_monolith/internal/domain/identity/employee.go:163.37,164.19 1 0
github.com/Rasikrr/bagsy_backend_monolith/internal/domain/identity/employee.go:164.19,166.3 1 0
github.com/Rasikrr/bagsy_backend_monolith/internal/domain/identity/employee.go:167.2,169.12 3 0
github.com/Rasikrr/bagsy_backend_monolith/internal/domain/identity/employee.go:172.39,173.19 1 0
github.com/Rasikrr/bagsy_backend_monolith/internal/domain/identity/employee.go:173.19,175.3 1 0
github.com/Rasikrr/bagsy_backend_monolith/internal/domain/identity/employee.go:176.2,178.12 3 0
github.com/Rasikrr/bagsy_backend_monolith/internal/domain/identity/employee.go:181.35,182.19 1 0
github.com/Rasikrr/bagsy_backend_monolith/internal/domain/identity/employee.go:182.19,184.3 1 0
github.com/Rasikrr/bagsy_backend_monolith/internal/domain/identity/employee.go:185.2,188.12 4 0
github.com/Rasikrr/bagsy_backend_monolith/internal/domain/identity/employee.go:191.45,194.2 2 0
github.com/Rasikrr/bagsy_backend_monolith/internal/domain/identity/employee.go:196.57,197.19 1 0
github.com/Rasikrr/bagsy_backend_monolith/internal/domain/identity/employee.go:197.19,199.3 1 0
github.com/Rasikrr/bagsy_backend_monolith/internal/domain/identity/employee.go:200.2,202.12 3 0
github.com/Rasikrr/bagsy_backend_monolith/internal/domain/identity/employee.go:209.37,211.2 1 0
github.com/Rasikrr/bagsy_backend_monolith/internal/domain/identity/employee.go:213.36,215.2 1 0
github.com/Rasikrr/bagsy_backend_monolith/internal/domain/identity/employee.go:217.38,218.23 1 0
github.com/Rasikrr/bagsy_backend_monolith/internal/domain/identity/employee.go:218.23,220.3 1 0
github.com/Rasikrr/bagsy_backend_monolith/internal/domain/identity/employee.go:221.2,221.40 1 0
github.com/Rasikrr/bagsy_backend_monolith/internal/domain/identity/employee.go:228.28,231.2 2 0
github.com/Rasikrr/bagsy_backend_monolith/internal/domain/identity/employee.go:233.46,234.35 1 0
github.com/Rasikrr/bagsy_backend_monolith/internal/domain/identity/employee.go:234.35,236.3 1 0
github.com/Rasikrr/bagsy_backend_monolith/internal/domain/identity/employee.go:237.2,237.12 1 0
github.com/Rasikrr/bagsy_backend_monolith/internal/domain/identity/gender.go:11.32,12.11 1 0
github.com/Rasikrr/bagsy_backend_monolith/internal/domain/identity/gender.go:13.51,14.14 1 0
github.com/Rasikrr/bagsy_backend_monolith/internal/domain/identity/gender.go:16.2,16.14 1 0
github.com/Rasikrr/bagsy_backend_monolith/internal/domain/identity/gender.go:19.33,21.2 1 0
github.com/Rasikrr/bagsy_backend_monolith/internal/domain/identity/gender.go:23.44,25.18 2 0
github.com/Rasikrr/bagsy_backend_monolith/internal/domain/identity/gender.go:25.18,27.3 1 0
github.com/Rasikrr/bagsy_backend_monolith/internal/domain/identity/gender.go:28.2,28.15 1 0
github.com/Rasikrr/bagsy_backend_monolith/internal/domain/identity/permissions.go:8.77,13.2 1 0
github.com/Rasikrr/bagsy_backend_monolith/internal/domain/identity/permissions.go:15.39,20.2 1 0
github.com/Rasikrr/bagsy_backend_monolith/internal/domain/identity/role.go:11.30,12.11 1 0
github.com/Rasikrr/bagsy_backend_monolith/internal/domain/identity/role.go:13.41,14.14 1 0
github.com/Rasikrr/bagsy_backend_monolith/internal/domain/identity/role.go:16.2,16.14 1 0
github.com/Rasikrr/bagsy_backend_monolith/internal/domain/identity/role.go:19.31,21.2 1 0
github.com/Rasikrr/bagsy_backend_monolith/internal/domain/identity/role.go:23.40,25.21 2 0
github.com/Rasikrr/bagsy_backend_monolith/internal/domain/identity/role.go:25.21,27.3 1 0
github.com/Rasikrr/bagsy_backend_monolith/internal/domain/identity/role.go:28.2,28.18 1 0
github.com/Rasikrr/bagsy_backend_monolith/internal/domain/identity/role.go:31.30,33.2 1 0
github.com/Rasikrr/bagsy_backend_monolith/internal/domain/identity/role.go:35.32,37.2 1 0
github.com/Rasikrr/bagsy_backend_monolith/internal/domain/identity/role.go:39.30,41.2 1 0
github.com/Rasikrr/bagsy_backend_monolith/internal/domain/identity/work_history.go:22.36,23.11 1 0
github.com/Rasikrr/bagsy_backend_monolith/internal/domain/identity/work_history.go:25.42,26.14 1 0
github.com/Rasikrr/bagsy_backend_monolith/internal/domain/identity/work_history.go:28.2,28.14 1 0
github.com/Rasikrr/bagsy_backend_monolith/internal/domain/identity/work_history.go:31.37,33.2 1 0
github.com/Rasikrr/bagsy_backend_monolith/internal/domain/identity/work_history.go:63.16,76.2 2 0
github.com/Rasikrr/bagsy_backend_monolith/internal/domain/identity/work_history.go:79.41,81.2 1 0
github.com/Rasikrr/bagsy_backend_monolith/internal/domain/identity/work_history.go:84.39,86.2 1 0
github.com/Rasikrr/bagsy_backend_monolith/internal/app/app.go:94.40,105.4 2 0
github.com/Rasikrr/bagsy_backend_monolith/internal/app/app.go:105.4,106.37 1 0
github.com/Rasikrr/bagsy_backend_monolith/internal/app/app.go:106.37,108.4 1 0
github.com/Rasikrr/bagsy_backend_monolith/internal/app/app.go:110.2,111.12 2 0
github.com/Rasikrr/bagsy_backend_monolith/internal/app/app.go:114.54,141.2 6 0
github.com/Rasikrr/bagsy_backend_monolith/internal/app/app.go:143.57,167.2 20 0
github.com/Rasikrr/bagsy_backend_monolith/internal/app/app.go:169.50,192.2 7 0
github.com/Rasikrr/bagsy_backend_monolith/internal/app/app.go:194.53,284.2 18 0
github.com/Rasikrr/bagsy_backend_monolith/internal/app/app.go:286.49,304.2 3 0
github.com/Rasikrr/bagsy_backend_monolith/internal/app/app.go:306.49,308.16 2 0
github.com/Rasikrr/bagsy_backend_monolith/internal/app/app.go:308.16,310.3 1 0
github.com/Rasikrr/bagsy_backend_monolith/internal/app/app.go:312.2,319.12 3 0
github.com/Rasikrr/bagsy_backend_monolith/internal/domain/shared/duration.go:9.45,10.13 1 0
github.com/Rasikrr/bagsy_backend_monolith/internal/domain/shared/duration.go:10.13,12.3 1 0
github.com/Rasikrr/bagsy_backend_monolith/internal/domain/shared/duration.go:13.2,13.36 1 0
github.com/Rasikrr/bagsy_backend_monolith/internal/domain/shared/duration.go:16.33,18.2 1 0
github.com/Rasikrr/bagsy_backend_monolith/internal/domain/shared/duration.go:20.46,22.2 1 0
github.com/Rasikrr/bagsy_backend_monolith/internal/domain/shared/money.go:9.54,10.25 1 0
github.com/Rasikrr/bagsy_backend_monolith/internal/domain/shared/money.go:10.25,12.3 1 0
github.com/Rasikrr/bagsy_backend_monolith/internal/domain/shared/money.go:13.2,13.35 1 0
github.com/Rasikrr/bagsy_backend_monolith/internal/domain/shared/money.go:16.51,18.2 1 0
github.com/Rasikrr/bagsy_backend_monolith/internal/domain/shared/money.go:20.55,22.2 1 0
github.com/Rasikrr/bagsy_backend_monolith/internal/domain/shared/money.go:24.30,26.2 1 0
github.com/Rasikrr/bagsy_backend_monolith/internal/domain/shared/money.go:28.32,30.2 1 0
github.com/Rasikrr/bagsy_backend_monolith/internal/domain/shared/money.go:32.41,34.2 1 0
github.com/Rasikrr/bagsy_backend_monolith/internal/domain/shared/phone.go:9.42,11.15 2 0
github.com/Rasikrr/bagsy_backend_monolith/internal/domain/shared/phone.go:11.15,13.3 1 0
github.com/Rasikrr/bagsy_backend_monolith/internal/domain/shared/phone.go:14.2,14.19 1 0
github.com/Rasikrr/bagsy_backend_monolith/internal/domain/shared/phone.go:14.19,16.3 1 0
github.com/Rasikrr/bagsy_backend_monolith/internal/domain/shared/phone.go:17.2,17.31 1 0
github.com/Rasikrr/bagsy_backend_monolith/internal/domain/shared/phone.go:20.32,22.2 1 0
github.com/Rasikrr/bagsy_backend_monolith/internal/domain/shared/phone.go:24.31,26.2 1 0
github.com/Rasikrr/bagsy_backend_monolith/internal/domain/shared/slug.go:9.42,10.17 1 0
github.com/Rasikrr/bagsy_backend_monolith/internal/domain/shared/slug.go:10.17,12.3 1 0
github.com/Rasikrr/bagsy_backend_monolith/internal/domain/shared/slug.go:13.2,15.8 1 0
github.com/Rasikrr/bagsy_backend_monolith/internal/domain/shared/slug.go:18.43,19.16 1 0
github.com/Rasikrr/bagsy_backend_monolith/internal/domain/shared/slug.go:19.16,21.3 1 0
github.com/Rasikrr/bagsy_backend_monolith/internal/domain/shared/slug.go:22.2,22.31 1 0
github.com/Rasikrr/bagsy_backend_monolith/internal/domain/shared/slug.go:25.31,27.2 1 0
github.com/Rasikrr/bagsy_backend_monolith/internal/domain/shared/slug.go:29.30,31.2 1 0
github.com/Rasikrr/bagsy_backend_monolith/internal/domain/shared/slug.go:33.37,35.2 1 0
github.com/Rasikrr/bagsy_backend_monolith/internal/domain/notification/task.go:26.69,32.2 1 0
github.com/Rasikrr/bagsy_backend_monolith/internal/domain/notification/task.go:39.18,47.2 1 0
github.com/Rasikrr/bagsy_backend_monolith/internal/domain/notification/task.go:49.45,52.2 2 0
github.com/Rasikrr/bagsy_backend_monolith/internal/domain/notification/task.go:54.32,55.26 1 0
github.com/Rasikrr/bagsy_backend_monolith/internal/domain/notification/task.go:55.26,57.3 1 0
github.com/Rasikrr/bagsy_backend_monolith/internal/domain/notification/task.go:58.2,58.40 1 0
github.com/Rasikrr/bagsy_backend_monolith/internal/domain/auth/action_token.go:27.40,29.2 1 0
github.com/Rasikrr/bagsy_backend_monolith/internal/domain/auth/action_token.go:36.25,38.16 2 0
github.com/Rasikrr/bagsy_backend_monolith/internal/domain/auth/action_token.go:38.16,40.3 1 0
github.com/Rasikrr/bagsy_backend_monolith/internal/domain/auth/action_token.go:42.2,49.8 1 0
github.com/Rasikrr/bagsy_backend_monolith/internal/domain/auth/action_token.go:52.89,54.16 2 0
github.com/Rasikrr/bagsy_backend_monolith/internal/domain/auth/action_token.go:54.16,56.3 1 0
github.com/Rasikrr/bagsy_backend_monolith/internal/domain/auth/action_token.go:58.2,63.8 1 0
github.com/Rasikrr/bagsy_backend_monolith/internal/domain/auth/action_token.go:66.48,68.24 2 0
github.com/Rasikrr/bagsy_backend_monolith/internal/domain/auth/action_token.go:68.24,70.17 2 0
github.com/Rasikrr/bagsy_backend_monolith/internal/domain/auth/action_token.go:70.17,72.4 1 0
github.com/Rasikrr/bagsy_backend_monolith/internal/domain/auth/action_token.go:73.3,73.40 1 0
github.com/Rasikrr/bagsy_backend_monolith/internal/domain/auth/action_token.go:75.2,75.28 1 0
github.com/Rasikrr/bagsy_backend_monolith/internal/domain/auth/action_token_purpose.go:11.45,13.2 1 0
github.com/Rasikrr/bagsy_backend_monolith/internal/domain/auth/action_token_purpose.go:15.68,17.11 2 0
github.com/Rasikrr/bagsy_backend_monolith/internal/domain/auth/action_token_purpose.go:18.74,19.16 1 0
github.com/Rasikrr/bagsy_backend_monolith/internal/domain/auth/action_token_purpose.go:20.10,21.59 1 0
github.com/Rasikrr/bagsy_backend_monolith/internal/domain/auth/otp.go:26.21,28.16 2 0
github.com/Rasikrr/bagsy_backend_monolith/internal/domain/auth/otp.go:28.16,30.3 1 0
github.com/Rasikrr/bagsy_backend_monolith/internal/domain/auth/otp.go:32.2,37.8 1 0
github.com/Rasikrr/bagsy_backend_monolith/internal/domain/auth/otp.go:40.45,41.35 1 0
github.com/Rasikrr/bagsy_backend_monolith/internal/domain/auth/otp.go:41.35,43.3 1 0
github.com/Rasikrr/bagsy_backend_monolith/internal/domain/auth/otp.go:44.2,44.20 1 0
github.com/Rasikrr/bagsy_backend_monolith/internal/domain/auth/otp.go:44.20,47.3 2 0
github.com/Rasikrr/bagsy_backend_monolith/internal/domain/auth/otp.go:48.2,48.12 1 0
github.com/Rasikrr/bagsy_backend_monolith/internal/domain/auth/otp.go:51.36,53.2 1 0
github.com/Rasikrr/bagsy_backend_monolith/internal/domain/auth/otp.go:55.53,58.24 3 0
github.com/Rasikrr/bagsy_backend_monolith/internal/domain/auth/otp.go:58.24,60.17 2 0
github.com/Rasikrr/bagsy_backend_monolith/internal/domain/auth/otp.go:60.17,62.4 1 0
github.com/Rasikrr/bagsy_backend_monolith/internal/domain/auth/otp.go:63.3,63.35 1 0
github.com/Rasikrr/bagsy_backend_monolith/internal/domain/auth/otp.go:65.2,65.28 1 0
github.com/Rasikrr/bagsy_backend_monolith/internal/domain/auth/token.go:21.9,27.2 1 0
github.com/Rasikrr/bagsy_backend_monolith/internal/domain/auth/token.go:31.88,37.2 1 0
github.com/Rasikrr/bagsy_backend_monolith/internal/domain/auth/token.go:39.33,41.2 1 0
github.com/Rasikrr/bagsy_backend_monolith/internal/domain/billing/cycle.go:12.31,13.11 1 0
github.com/Rasikrr/bagsy_backend_monolith/internal/domain/billing/cycle.go:14.33,15.14 1 0
github.com/Rasikrr/bagsy_backend_monolith/internal/domain/billing/cycle.go:17.2,17.14 1 0
github.com/Rasikrr/bagsy_backend_monolith/internal/domain/billing/cycle.go:20.41,21.11 1 0
github.com/Rasikrr/bagsy_backend_monolith/internal/domain/billing/cycle.go:22.19,23.30 1 0
github.com/Rasikrr/bagsy_backend_monolith/internal/domain/billing/cycle.go:24.10,25.29 1 0
github.com/Rasikrr/bagsy_backend_monolith/internal/domain/billing/limit.go:8.39,9.13 1 0
github.com/Rasikrr/bagsy_backend_monolith/internal/domain/billing/limit.go:9.13,11.3 1 0
github.com/Rasikrr/bagsy_backend_monolith/internal/domain/billing/limit.go:12.2,15.8 1 0
github.com/Rasikrr/bagsy_backend_monolith/internal/domain/billing/limit.go:18.27,22.2 1 0
github.com/Rasikrr/bagsy_backend_monolith/internal/domain/billing/limit.go:26.45,27.17 1 0
github.com/Rasikrr/bagsy_backend_monolith/internal/domain/billing/limit.go:27.17,29.3 1 0
github.com/Rasikrr/bagsy_backend_monolith/internal/domain/billing/limit.go:30.2,30.27 1 0
github.com/Rasikrr/bagsy_backend_monolith/internal/domain/billing/limit.go:33.35,35.2 1 0
github.com/Rasikrr/bagsy_backend_monolith/internal/domain/billing/limit.go:37.28,39.2 1 0
github.com/Rasikrr/bagsy_backend_monolith/internal/domain/billing/plan.go:41.18,42.35 1 0
github.com/Rasikrr/bagsy_backend_monolith/internal/domain/billing/plan.go:42.35,44.3 1 0
github.com/Rasikrr/bagsy_backend_monolith/internal/domain/billing/plan.go:46.2,56.8 1 0
github.com/Rasikrr/bagsy_backend_monolith/internal/domain/billing/plan.go:59.62,60.44 1 0
github.com/Rasikrr/bagsy_backend_monolith/internal/domain/billing/plan.go:60.44,61.38 1 0
github.com/Rasikrr/bagsy_backend_monolith/internal/domain/billing/plan.go:61.38,66.4 3 0
github.com/Rasikrr/bagsy_backend_monolith/internal/domain/billing/plan.go:70.2,77.11 3 0
github.com/Rasikrr/bagsy_backend_monolith/internal/domain/billing/plan.go:80.76,81.44 1 0
github.com/Rasikrr/bagsy_backend_monolith/internal/domain/billing/plan.go:81.44,82.38 1 0
github.com/Rasikrr/bagsy_backend_monolith/internal/domain/billing/plan.go:82.38,86.4 3 0
github.com/Rasikrr/bagsy_backend_monolith/internal/domain/billing/plan.go:88.2,88.34 1 0
github.com/Rasikrr/bagsy_backend_monolith/internal/domain/billing/plan.go:91.52,92.44 1 0
github.com/Rasikrr/bagsy_backend_monolith/internal/domain/billing/plan.go:92.44,93.38 1 0
github.com/Rasikrr/bagsy_backend_monolith/internal/domain/billing/plan.go:93.38,97.4 3 0
github.com/Rasikrr/bagsy_backend_monolith/internal/domain/billing/plan.go:101.29,104.2 2 0
github.com/Rasikrr/bagsy_backend_monolith/internal/domain/billing/plan.go:106.27,109.2 2 0
github.com/Rasikrr/bagsy_backend_monolith/internal/domain/billing/plan.go:111.24,114.2 2 0
github.com/Rasikrr/bagsy_backend_monolith/internal/domain/billing/plan_code.go:11.34,12.11 1 0
github.com/Rasikrr/bagsy_backend_monolith/internal/domain/billing/plan_code.go:13.52,14.14 1 0
github.com/Rasikrr/bagsy_backend_monolith/internal/domain/billing/plan_code.go:16.2,16.14 1 0
github.com/Rasikrr/bagsy_backend_monolith/internal/domain/billing/plan_code.go:19.33,21.2 1 0
github.com/Rasikrr/bagsy_backend_monolith/internal/domain/billing/plan_code.go:23.34,25.2 1 0
github.com/Rasikrr/bagsy_backend_monolith/internal/domain/billing/plan_code.go:27.36,29.2 1 0
github.com/Rasikrr/bagsy_backend_monolith/internal/domain/billing/plan_code.go:31.35,33.2 1 0
github.com/Rasikrr/bagsy_backend_monolith/internal/domain/billing/plan_code.go:35.48,37.21 2 0
github.com/Rasikrr/bagsy_backend_monolith/internal/domain/billing/plan_code.go:37.21,39.3 1 0
github.com/Rasikrr/bagsy_backend_monolith/internal/domain/billing/plan_code.go:40.2,40.18 1 0
github.com/Rasikrr/bagsy_backend_monolith/internal/domain/billing/subscription.go:48.81,62.2 3 0
github.com/Rasikrr/bagsy_backend_monolith/internal/domain/billing/subscription.go:70.73,71.57 1 0
github.com/Rasikrr/bagsy_backend_monolith/internal/domain/billing/subscription.go:71.57,73.3 1 0
github.com/Rasikrr/bagsy_backend_monolith/internal/domain/billing/subscription.go:74.2,74.22 1 0
github.com/Rasikrr/bagsy_backend_monolith/internal/domain/billing/subscription.go:74.22,76.3 1 0
github.com/Rasikrr/bagsy_backend_monolith/internal/domain/billing/subscription.go:78.2,93.12 13 0
github.com/Rasikrr/bagsy_backend_monolith/internal/domain/billing/subscription.go:98.44,99.58 1 0
github.com/Rasikrr/bagsy_backend_monolith/internal/domain/billing/subscription.go:99.58,101.3 1 0
github.com/Rasikrr/bagsy_backend_monolith/internal/domain/billing/subscription.go:103.2,110.12 6 0
github.com/Rasikrr/bagsy_backend_monolith/internal/domain/billing/subscription.go:115.46,116.43 1 0
github.com/Rasikrr/bagsy_backend_monolith/internal/domain/billing/subscription.go:116.43,118.3 1 0
github.com/Rasikrr/bagsy_backend_monolith/internal/domain/billing/subscription.go:119.2,119.35 1 0
github.com/Rasikrr/bagsy_backend_monolith/internal/domain/billing/subscription.go:119.35,121.3 1 0
github.com/Rasikrr/bagsy_backend_monolith/internal/domain/billing/subscription.go:123.2,128.12 5 0
github.com/Rasikrr/bagsy_backend_monolith/internal/domain/billing/subscription.go:133.40,134.60 1 0
github.com/Rasikrr/bagsy_backend_monolith/internal/domain/billing/subscription.go:134.60,136.3 1 0
github.com/Rasikrr/bagsy_backend_monolith/internal/domain/billing/subscription.go:138.2,144.12 6 0
github.com/Rasikrr/bagsy_backend_monolith/internal/domain/billing/subscription.go:149.39,150.59 1 0
github.com/Rasikrr/bagsy_backend_monolith/internal/domain/billing/subscription.go:150.59,152.3 1 0
github.com/Rasikrr/bagsy_backend_monolith/internal/domain/billing/subscription.go:154.2,162.12 7 0
github.com/Rasikrr/bagsy_backend_monolith/internal/domain/billing/subscription.go:169.42,171.2 1 0
github.com/Rasikrr/bagsy_backend_monolith/internal/domain/billing/subscription.go:173.42,178.2 1 0
github.com/Rasikrr/bagsy_backend_monolith/internal/domain/billing/subscription.go:180.45,183.2 1 0
github.com/Rasikrr/bagsy_backend_monolith/internal/domain/billing/subscription.go:185.62,186.69 1 0
github.com/Rasikrr/bagsy_backend_monolith/internal/domain/billing/subscription.go:186.69,188.3 1 0
github.com/Rasikrr/bagsy_backend_monolith/internal/domain/billing/subscription.go:189.2,190.35 2 0
github.com/Rasikrr/bagsy_backend_monolith/internal/domain/billing/subscription.go:193.48,197.2 1 0
github.com/Rasikrr/bagsy_backend_monolith/internal/domain/billing/subscription.go:203.32,206.2 2 0
github.com/Rasikrr/bagsy_backend_monolith/internal/domain/billing/subscription_status.go:13.44,14.11 1 0
github.com/Rasikrr/bagsy_backend_monolith/internal/domain/billing/subscription_status.go:19.30,20.14 1 0
github.com/Rasikrr/bagsy_backend_monolith/internal/domain/billing/subscription_status.go:22.2,22.14 1 0
github.com/Rasikrr/bagsy_backend_monolith/internal/domain/billing/subscription_status.go:25.45,27.2 1 0
github.com/Rasikrr/bagsy_backend_monolith/internal/domain/billing/subscription_status.go:36.77,46.9 3 0
github.com/Rasikrr/bagsy_backend_monolith/internal/domain/billing/subscription_status.go:46.9,48.3 1 0
github.com/Rasikrr/bagsy_backend_monolith/internal/domain/billing/subscription_status.go:50.2,50.28 1 0
github.com/Rasikrr/bagsy_backend_monolith/internal/domain/billing/subscription_status.go:50.28,51.18 1 0
github.com/Rasikrr/bagsy_backend_monolith/internal/domain/billing/subscription_status.go:51.18,53.4 1 0
github.com/Rasikrr/bagsy_backend_monolith/internal/domain/billing/subscription_status.go:55.2,55.14 1 0
github.com/Rasikrr/bagsy_backend_monolith/internal/domain/billing/subscription_status.go:59.44,61.2 1 0
github.com/Rasikrr/bagsy_backend_monolith/internal/domain/billing/subscription_status.go:65.47,66.11 1 0
github.com/Rasikrr/bagsy_backend_monolith/internal/domain/billing/subscription_status.go:67.84,68.14 1 0
github.com/Rasikrr/bagsy_backend_monolith/internal/domain/billing/subscription_status.go:70.2,70.14 1 0
github.com/Rasikrr/bagsy_backend_monolith/internal/domain/billing/subscription_status.go:75.44,76.11 1 0
github.com/Rasikrr/bagsy_backend_monolith/internal/domain/billing/subscription_status.go:78.58,79.14 1 0
github.com/Rasikrr/bagsy_backend_monolith/internal/domain/billing/subscription_status.go:81.2,81.14 1 0
github.com/Rasikrr/bagsy_backend_monolith/internal/domain/billing/subscription_status.go:84.68,86.23 2 0
github.com/Rasikrr/bagsy_backend_monolith/internal/domain/billing/subscription_status.go:86.23,88.3 1 0
github.com/Rasikrr/bagsy_backend_monolith/internal/domain/billing/subscription_status.go:89.2,89.20 1 0
github.com/Rasikrr/bagsy_backend_monolith/internal/domain/media/asset.go:45.57,46.27 1 0
github.com/Rasikrr/bagsy_backend_monolith/internal/domain/media/asset.go:46.27,48.3 1 0
github.com/Rasikrr/bagsy_backend_monolith/internal/domain/media/asset.go:50.2,51.25 2 0
github.com/Rasikrr/bagsy_backend_monolith/internal/domain/media/asset.go:51.25,53.3 1 0
github.com/Rasikrr/bagsy_backend_monolith/internal/domain/media/asset.go:55.2,67.8 3 0
github.com/Rasikrr/bagsy_backend_monolith/internal/domain/media/asset.go:75.40,76.32 1 0
github.com/Rasikrr/bagsy_backend_monolith/internal/domain/media/asset.go:76.32,78.3 1 0
github.com/Rasikrr/bagsy_backend_monolith/internal/domain/media/asset.go:79.2,79.31 1 0
github.com/Rasikrr/bagsy_backend_monolith/internal/domain/media/asset.go:79.31,81.3 1 0
github.com/Rasikrr/bagsy_backend_monolith/internal/domain/media/asset.go:82.2,84.12 3 0
github.com/Rasikrr/bagsy_backend_monolith/internal/domain/media/asset.go:88.32,89.30 1 0
github.com/Rasikrr/bagsy_backend_monolith/internal/domain/media/asset.go:89.30,91.3 1 0
github.com/Rasikrr/bagsy_backend_monolith/internal/domain/media/asset.go:92.2,93.11 2 0
github.com/Rasikrr/bagsy_backend_monolith/internal/domain/media/asset.go:97.32,99.2 1 0
github.com/Rasikrr/bagsy_backend_monolith/internal/domain/media/asset.go:105.25,108.2 2 0
github.com/Rasikrr/bagsy_backend_monolith/internal/domain/media/mime_type.go:19.50,21.15 2 0
github.com/Rasikrr/bagsy_backend_monolith/internal/domain/media/mime_type.go:21.15,23.3 1 0
github.com/Rasikrr/bagsy_backend_monolith/internal/domain/media/mime_type.go:24.2,24.41 1 0
github.com/Rasikrr/bagsy_backend_monolith/internal/domain/media/mime_type.go:24.41,26.3 1 0
github.com/Rasikrr/bagsy_backend_monolith/internal/domain/media/mime_type.go:27.2,27.34 1 0
github.com/Rasikrr/bagsy_backend_monolith/internal/domain/media/mime_type.go:30.35,30.53 1 0
github.com/Rasikrr/bagsy_backend_monolith/internal/domain/media/mime_type.go:32.34,34.2 1 0
github.com/Rasikrr/bagsy_backend_monolith/internal/domain/media/mime_type.go:36.34,38.2 1 0
github.com/Rasikrr/bagsy_backend_monolith/internal/domain/media/target.go:22.33,23.11 1 0
github.com/Rasikrr/bagsy_backend_monolith/internal/domain/media/target.go:24.99,25.14 1 0
github.com/Rasikrr/bagsy_backend_monolith/internal/domain/media/target.go:26.10,27.15 1 0
github.com/Rasikrr/bagsy_backend_monolith/internal/domain/media/target.go:31.48,33.18 2 0
github.com/Rasikrr/bagsy_backend_monolith/internal/domain/media/target.go:33.18,35.3 1 0
github.com/Rasikrr/bagsy_backend_monolith/internal/domain/media/target.go:36.2,36.15 1 0
github.com/Rasikrr/bagsy_backend_monolith/internal/domain/media/target.go:40.81,44.2 3 0
github.com/Rasikrr/bagsy_backend_monolith/internal/domain/location/category.go:20.50,21.51 1 0
github.com/Rasikrr/bagsy_backend_monolith/internal/domain/location/category.go:21.51,23.3 1 0
github.com/Rasikrr/bagsy_backend_monolith/internal/domain/location/category.go:26.2,27.16 2 0
github.com/Rasikrr/bagsy_backend_monolith/internal/domain/location/category.go:27.16,29.3 1 0
github.com/Rasikrr/bagsy_backend_monolith/internal/domain/location/category.go:30.2,37.8 2 0
github.com/Rasikrr/bagsy_backend_monolith/internal/domain/location/category.go:46.50,47.51 1 0
github.com/Rasikrr/bagsy_backend_monolith/internal/domain/location/category.go:47.51,49.3 1 0
github.com/Rasikrr/bagsy_backend_monolith/internal/domain/location/category.go:52.2,52.39 1 0
github.com/Rasikrr/bagsy_backend_monolith/internal/domain/location/category.go:52.39,54.3 1 0
github.com/Rasikrr/bagsy_backend_monolith/internal/domain/location/category.go:56.2,58.12 3 0
github.com/Rasikrr/bagsy_backend_monolith/internal/domain/location/category.go:63.52,64.23 1 0
github.com/Rasikrr/bagsy_backend_monolith/internal/domain/location/category.go:64.23,66.3 1 0
github.com/Rasikrr/bagsy_backend_monolith/internal/domain/location/category.go:67.2,68.11 2 0
github.com/Rasikrr/bagsy_backend_monolith/internal/domain/location/category.go:72.43,73.30 1 0
github.com/Rasikrr/bagsy_backend_monolith/internal/domain/location/category.go:73.30,75.3 1 0
github.com/Rasikrr/bagsy_backend_monolith/internal/domain/location/category.go:76.2,77.11 2 0
github.com/Rasikrr/bagsy_backend_monolith/internal/domain/location/category.go:84.28,87.2 2 0
github.com/Rasikrr/bagsy_backend_monolith/internal/domain/location/category.go:89.46,90.35 1 0
github.com/Rasikrr/bagsy_backend_monolith/internal/domain/location/category.go:90.35,92.3 1 0
github.com/Rasikrr/bagsy_backend_monolith/internal/domain/location/category.go:93.2,93.12 1 0
github.com/Rasikrr/bagsy_backend_monolith/internal/domain/location/location.go:45.66,46.58 1 0
github.com/Rasikrr/bagsy_backend_monolith/internal/domain/location/location.go:46.58,48.3 1 0
[...]
github.com/Rasikrr/bagsy_backend_monolith/internal/usecases/auth/register_owner.go:238.16,240.3 1 0
github.com/Rasikrr/bagsy_backend_monolith/internal/usecases/auth/register_owner.go:243.2,247.16 3 0
github.com/Rasikrr/bagsy_backend_monolith/internal/usecases/auth/register_owner.go:247.16,249.3 1 0
github.com/Rasikrr/bagsy_backend_monolith/internal/usecases/auth/register_owner.go:251.2,254.8 1 0
github.com/Rasikrr/bagsy_backend_monolith/internal/usecases/auth/register_owner.go:257.138,259.16 2 0
github.com/Rasikrr/bagsy_backend_monolith/internal/usecases/auth/register_owner.go:259.16,261.3 1 0
github.com/Rasikrr/bagsy_backend_monolith/internal/usecases/auth/register_owner.go:262.2,262.16 1 0
github.com/Rasikrr/bagsy_backend_monolith/internal/usecases/auth/register_owner.go:262.16,264.3 1 0
github.com/Rasikrr/bagsy_backend_monolith/internal/usecases/auth/register_owner.go:266.2,266.37 1 0
github.com/Rasikrr/bagsy_backend_monolith/internal/usecases/auth/register_owner.go:266.37,268.3 1 0
github.com/Rasikrr/bagsy_backend_monolith/internal/usecases/auth/register_owner.go:270.2,270.25 1 0
github.com/Rasikrr/bagsy_backend_monolith/internal/usecases/auth/register_owner.go:270.25,273.38 3 0
github.com/Rasikrr/bagsy_backend_monolith/internal/usecases/auth/register_owner.go:273.38,275.4 1 0
github.com/Rasikrr/bagsy_backend_monolith/internal/usecases/auth/register_owner.go:276.3,276.39 1 0
github.com/Rasikrr/bagsy_backend_monolith/internal/usecases/auth/register_owner.go:279.2,279.17 1 0
github.com/Rasikrr/bagsy_backend_monolith/internal/usecases/auth/register_owner.go:282.91,284.16 2 0
github.com/Rasikrr/bagsy_backend_monolith/internal/usecases/auth/register_owner.go:284.16,286.3 1 0
github.com/Rasikrr/bagsy_backend_monolith/internal/usecases/auth/register_owner.go:287.2,287.57 1 0
github.com/Rasikrr/bagsy_backend_monolith/internal/usecases/auth/register_owner.go:287.57,289.3 1 0
github.com/Rasikrr/bagsy_backend_monolith/internal/usecases/auth/register_owner.go:290.2,290.20 1 0
github.com/Rasikrr/bagsy_backend_monolith/internal/usecases/auth/register_owner.go:293.147,303.16 3 0
github.com/Rasikrr/bagsy_backend_monolith/internal/usecases/auth/register_owner.go:303.16,305.3 1 0
github.com/Rasikrr/bagsy_backend_monolith/internal/usecases/auth/register_owner.go:306.2,308.54 2 0
github.com/Rasikrr/bagsy_backend_monolith/internal/usecases/auth/register_owner.go:308.54,310.3 1 0
github.com/Rasikrr/bagsy_backend_monolith/internal/usecases/auth/register_owner.go:311.2,311.20 1 0
github.com/Rasikrr/bagsy_backend_monolith/internal/usecases/auth/register_owner.go:314.100,316.16 2 0
github.com/Rasikrr/bagsy_backend_monolith/internal/usecases/auth/register_owner.go:316.16,318.3 1 0
github.com/Rasikrr/bagsy_backend_monolith/internal/usecases/auth/register_owner.go:320.2,321.16 2 0
github.com/Rasikrr/bagsy_backend_monolith/internal/usecases/auth/register_owner.go:321.16,323.3 1 0
github.com/Rasikrr/bagsy_backend_monolith/internal/usecases/auth/register_owner.go:324.2,324.16 1 0
github.com/Rasikrr/bagsy_backend_monolith/internal/usecases/auth/register_owner.go:324.16,326.3 1 0
github.com/Rasikrr/bagsy_backend_monolith/internal/usecases/auth/register_owner.go:328.2,328.46 1 0
github.com/Rasikrr/bagsy_backend_monolith/internal/usecases/auth/register_owner.go:328.46,330.3 1 0
github.com/Rasikrr/bagsy_backend_monolith/internal/usecases/auth/register_owner.go:332.2,333.16 2 0
github.com/Rasikrr/bagsy_backend_monolith/internal/usecases/auth/register_owner.go:333.16,335.3 1 0
github.com/Rasikrr/bagsy_backend_monolith/internal/usecases/auth/register_owner.go:337.2,343.61 6 0
github.com/Rasikrr/bagsy_backend_monolith/internal/usecases/auth/register_owner.go:343.61,345.3 1 0
github.com/Rasikrr/bagsy_backend_monolith/internal/usecases/auth/register_owner.go:347.2,347.65 1 0
github.com/Rasikrr/bagsy_backend_monolith/internal/usecases/auth/register_owner.go:347.65,349.3 1 0
github.com/Rasikrr/bagsy_backend_monolith/internal/usecases/auth/register_owner.go:351.2,354.8 1 0
github.com/Rasikrr/bagsy_backend_monolith/internal/usecases/auth/reset_password.go:40.25,49.2 1 0
github.com/Rasikrr/bagsy_backend_monolith/internal/usecases/auth/reset_password.go:51.95,53.16 2 0
github.com/Rasikrr/bagsy_backend_monolith/internal/usecases/auth/reset_password.go:53.16,55.3 1 0
github.com/Rasikrr/bagsy_backend_monolith/internal/usecases/auth/reset_password.go:57.2,58.16 2 0
github.com/Rasikrr/bagsy_backend_monolith/internal/usecases/auth/reset_password.go:58.16,60.3 1 0
github.com/Rasikrr/bagsy_backend_monolith/internal/usecases/auth/reset_password.go:62.2,62.26 1 0
github.com/Rasikrr/bagsy_backend_monolith/internal/usecases/auth/reset_password.go:62.26,64.3 1 0
github.com/Rasikrr/bagsy_backend_monolith/internal/usecases/auth/reset_password.go:66.2,67.16 2 0
github.com/Rasikrr/bagsy_backend_monolith/internal/usecases/auth/reset_password.go:67.16,69.3 1 0
github.com/Rasikrr/bagsy_backend_monolith/internal/usecases/auth/reset_password.go:71.2,71.63 1 0
github.com/Rasikrr/bagsy_backend_monolith/internal/usecases/auth/reset_password.go:71.63,73.3 1 0
github.com/Rasikrr/bagsy_backend_monolith/internal/usecases/auth/reset_password.go:75.2,77.76 2 0
github.com/Rasikrr/bagsy_backend_monolith/internal/usecases/auth/reset_password.go:77.76,79.3 1 0
github.com/Rasikrr/bagsy_backend_monolith/internal/usecases/auth/reset_password.go:81.2,81.12 1 0
github.com/Rasikrr/bagsy_backend_monolith/internal/usecases/auth/reset_password.go:84.95,86.16 2 0
github.com/Rasikrr/bagsy_backend_monolith/internal/usecases/auth/reset_password.go:86.16,88.3 1 0
github.com/Rasikrr/bagsy_backend_monolith/internal/usecases/auth/reset_password.go:90.2,93.16 3 0
github.com/Rasikrr/bagsy_backend_monolith/internal/usecases/auth/reset_password.go:93.16,95.3 1 0
github.com/Rasikrr/bagsy_backend_monolith/internal/usecases/auth/reset_password.go:97.2,98.16 2 0
github.com/Rasikrr/bagsy_backend_monolith/internal/usecases/auth/reset_password.go:98.16,100.3 1 0
github.com/Rasikrr/bagsy_backend_monolith/internal/usecases/auth/reset_password.go:102.2,102.61 1 0
github.com/Rasikrr/bagsy_backend_monolith/internal/usecases/auth/reset_password.go:102.61,104.3 1 0
github.com/Rasikrr/bagsy_backend_monolith/internal/usecases/auth/reset_password.go:106.2,106.58 1 0
github.com/Rasikrr/bagsy_backend_monolith/internal/usecases/auth/reset_password.go:106.58,108.3 1 0
github.com/Rasikrr/bagsy_backend_monolith/internal/usecases/auth/reset_password.go:110.2,110.79 1 0
github.com/Rasikrr/bagsy_backend_monolith/internal/usecases/auth/reset_password.go:110.79,112.3 1 0
github.com/Rasikrr/bagsy_backend_monolith/internal/usecases/auth/reset_password.go:114.2,116.12 2 0
github.com/Rasikrr/bagsy_backend_monolith/internal/usecases/media/confirm.go:11.79,13.16 2 0
github.com/Rasikrr/bagsy_backend_monolith/internal/usecases/media/confirm.go:13.16,15.3 1 0
github.com/Rasikrr/bagsy_backend_monolith/internal/usecases/media/confirm.go:17.2,18.16 2 0
github.com/Rasikrr/bagsy_backend_monolith/internal/usecases/media/confirm.go:18.16,20.3 1 0
github.com/Rasikrr/bagsy_backend_monolith/internal/usecases/media/confirm.go:21.2,21.13 1 0
github.com/Rasikrr/bagsy_backend_monolith/internal/usecases/media/confirm.go:21.13,23.3 1 0
github.com/Rasikrr/bagsy_backend_monolith/internal/usecases/media/confirm.go:25.2,25.46 1 0
github.com/Rasikrr/bagsy_backend_monolith/internal/usecases/media/confirm.go:25.46,27.3 1 0
github.com/Rasikrr/bagsy_backend_monolith/internal/usecases/media/confirm.go:29.2,29.52 1 0
github.com/Rasikrr/bagsy_backend_monolith/internal/usecases/media/confirm.go:29.52,31.3 1 0
github.com/Rasikrr/bagsy_backend_monolith/internal/usecases/media/confirm.go:33.2,33.12 1 0
github.com/Rasikrr/bagsy_backend_monolith/internal/usecases/media/upload.go:14.37,16.16 2 0
github.com/Rasikrr/bagsy_backend_monolith/internal/usecases/media/upload.go:16.16,18.3 1 0
github.com/Rasikrr/bagsy_backend_monolith/internal/usecases/media/upload.go:20.2,20.42 1 0
github.com/Rasikrr/bagsy_backend_monolith/internal/usecases/media/upload.go:20.42,22.3 1 0
github.com/Rasikrr/bagsy_backend_monolith/internal/usecases/media/upload.go:24.2,25.16 2 0
github.com/Rasikrr/bagsy_backend_monolith/internal/usecases/media/upload.go:25.16,27.3 1 0
github.com/Rasikrr/bagsy_backend_monolith/internal/usecases/media/upload.go:29.2,36.16 2 0
github.com/Rasikrr/bagsy_backend_monolith/internal/usecases/media/upload.go:36.16,38.3 1 0
github.com/Rasikrr/bagsy_backend_monolith/internal/usecases/media/upload.go:40.2,40.52 1 0
github.com/Rasikrr/bagsy_backend_monolith/internal/usecases/media/upload.go:40.52,42.3 1 0
github.com/Rasikrr/bagsy_backend_monolith/internal/usecases/media/upload.go:44.2,51.16 2 0
github.com/Rasikrr/bagsy_backend_monolith/internal/usecases/media/upload.go:51.16,53.3 1 0
github.com/Rasikrr/bagsy_backend_monolith/internal/usecases/media/upload.go:55.2,59.8 1 0
github.com/Rasikrr/bagsy_backend_monolith/internal/usecases/media/usecase.go:35.12,42.2 1 0
github.com/Rasikrr/bagsy_backend_monolith/internal/usecases/location/usecase.go:58.12,67.2 1 0
github.com/Rasikrr/bagsy_backend_monolith/internal/usecases/location/usecase.go:69.132,72.16 2 0
github.com/Rasikrr/bagsy_backend_monolith/internal/usecases/location/usecase.go:72.16,74.3 1 0
github.com/Rasikrr/bagsy_backend_monolith/internal/usecases/location/usecase.go:77.2,77.65 1 0
github.com/Rasikrr/bagsy_backend_monolith/internal/usecases/location/usecase.go:77.65,79.3 1 0
github.com/Rasikrr/bagsy_backend_monolith/internal/usecases/location/usecase.go:82.2,82.65 1 0
github.com/Rasikrr/bagsy_backend_monolith/internal/usecases/location/usecase.go:82.65,84.3 1 0
github.com/Rasikrr/bagsy_backend_monolith/internal/usecases/location/usecase.go:87.2,88.16 2 0
github.com/Rasikrr/bagsy_backend_monolith/internal/usecases/location/usecase.go:88.16,90.3 1 0
github.com/Rasikrr/bagsy_backend_monolith/internal/usecases/location/usecase.go:93.2,94.16 2 0
github.com/Rasikrr/bagsy_backend_monolith/internal/usecases/location/usecase.go:94.16,96.3 1 0
github.com/Rasikrr/bagsy_backend_monolith/internal/usecases/location/usecase.go:98.2,99.62 2 0
github.com/Rasikrr/bagsy_backend_monolith/internal/usecases/location/usecase.go:99.62,101.53 1 0
github.com/Rasikrr/bagsy_backend_monolith/internal/usecases/location/usecase.go:101.53,103.4 1 0
github.com/Rasikrr/bagsy_backend_monolith/internal/usecases/location/usecase.go:106.3,106.17 1 0
github.com/Rasikrr/bagsy_backend_monolith/internal/usecases/location/usecase.go:106.17,108.16 2 0
github.com/Rasikrr/bagsy_backend_monolith/internal/usecases/location/usecase.go:108.16,110.5 1 0
github.com/Rasikrr/bagsy_backend_monolith/internal/usecases/location/usecase.go:111.4,111.47 1 0
github.com/Rasikrr/bagsy_backend_monolith/internal/usecases/location/usecase.go:115.3,115.17 1 0
github.com/Rasikrr/bagsy_backend_monolith/internal/usecases/location/usecase.go:115.17,116.88 1 0
github.com/Rasikrr/bagsy_backend_monolith/internal/usecases/location/usecase.go:116.88,118.5 1 0
github.com/Rasikrr/bagsy_backend_monolith/internal/usecases/location/usecase.go:120.3,120.13 1 0
github.com/Rasikrr/bagsy_backend_monolith/internal/usecases/location/usecase.go:122.2,122.16 1 0
github.com/Rasikrr/bagsy_backend_monolith/internal/usecases/location/usecase.go:122.16,124.3 1 0
github.com/Rasikrr/bagsy_backend_monolith/internal/usecases/location/usecase.go:126.2,129.8 1 0
github.com/Rasikrr/bagsy_backend_monolith/internal/usecases/location/usecase.go:132.85,134.16 2 0
github.com/Rasikrr/bagsy_backend_monolith/internal/usecases/location/usecase.go:134.16,136.3 1 0
github.com/Rasikrr/bagsy_backend_monolith/internal/usecases/location/usecase.go:137.2,137.13 1 0
github.com/Rasikrr/bagsy_backend_monolith/internal/usecases/location/usecase.go:137.13,139.3 1 0
github.com/Rasikrr/bagsy_backend_monolith/internal/usecases/location/usecase.go:140.2,140.12 1 0
github.com/Rasikrr/bagsy_backend_monolith/internal/usecases/location/usecase.go:143.133,145.16 2 0
github.com/Rasikrr/bagsy_backend_monolith/internal/usecases/location/usecase.go:145.16,147.3 1 0
github.com/Rasikrr/bagsy_backend_monolith/internal/usecases/location/usecase.go:149.2,150.16 2 0
github.com/Rasikrr/bagsy_backend_monolith/internal/usecases/location/usecase.go:150.16,152.3 1 0
github.com/Rasikrr/bagsy_backend_monolith/internal/usecases/location/usecase.go:154.2,163.46 2 0
github.com/Rasikrr/bagsy_backend_monolith/internal/usecases/location/usecase.go:163.46,166.17 3 0
github.com/Rasikrr/bagsy_backend_monolith/internal/usecases/location/usecase.go:166.17,168.4 1 0
github.com/Rasikrr/bagsy_backend_monolith/internal/usecases/location/usecase.go:169.3,169.20 1 0
github.com/Rasikrr/bagsy_backend_monolith/internal/usecases/location/usecase.go:172.2,172.26 1 0
github.com/Rasikrr/bagsy_backend_monolith/internal/usecases/location/usecase.go:172.26,180.17 3 0
github.com/Rasikrr/bagsy_backend_monolith/internal/usecases/location/usecase.go:180.17,182.4 1 0
github.com/Rasikrr/bagsy_backend_monolith/internal/usecases/location/usecase.go:183.3,183.22 1 0
github.com/Rasikrr/bagsy_backend_monolith/internal/usecases/location/usecase.go:186.2,186.53 1 0
github.com/Rasikrr/bagsy_backend_monolith/internal/usecases/location/usecase.go:186.53,189.17 3 0
github.com/Rasikrr/bagsy_backend_monolith/internal/usecases/location/usecase.go:189.17,191.4 1 0
github.com/Rasikrr/bagsy_backend_monolith/internal/usecases/location/usecase.go:192.3,192.26 1 0
github.com/Rasikrr/bagsy_backend_monolith/internal/usecases/location/usecase.go:195.2,195.20 1 0
github.com/Rasikrr/bagsy_backend_monolith/internal/usecases/location/usecase.go:198.109,200.16 2 0
github.com/Rasikrr/bagsy_backend_monolith/internal/usecases/location/usecase.go:200.16,202.3 1 0
github.com/Rasikrr/bagsy_backend_monolith/internal/usecases/location/usecase.go:203.2,203.53 1 0
github.com/Rasikrr/bagsy_backend_monolith/internal/usecases/location/usecase.go:203.53,205.3 1 0
github.com/Rasikrr/bagsy_backend_monolith/internal/usecases/location/usecase.go:206.2,206.64 1 0
github.com/Rasikrr/bagsy_backend_monolith/internal/usecases/location/usecase.go:206.64,208.3 1 0
github.com/Rasikrr/bagsy_backend_monolith/internal/usecases/location/usecase.go:209.2,209.12 1 0
github.com/Rasikrr/bagsy_backend_monolith/internal/usecases/location/usecase.go:215.111,216.23 1 0
github.com/Rasikrr/bagsy_backend_monolith/internal/usecases/location/usecase.go:216.23,218.3 1 0
github.com/Rasikrr/bagsy_backend_monolith/internal/usecases/location/usecase.go:220.2,220.42 1 0
github.com/Rasikrr/bagsy_backend_monolith/internal/util/slug/slug.go:15.18,16.17 1 0
github.com/Rasikrr/bagsy_backend_monolith/internal/util/slug/slug.go:16.17,26.3 2 0
github.com/Rasikrr/bagsy_backend_monolith/internal/util/slug/slug.go:29.35,33.2 3 0
github.com/Rasikrr/bagsy_backend_monolith/pkg/sms/client.go:30.48,38.2 1 0
github.com/Rasikrr/bagsy_backend_monolith/pkg/sms/client.go:41.80,42.19 1 0
github.com/Rasikrr/bagsy_backend_monolith/pkg/sms/client.go:42.19,44.3 1 0
github.com/Rasikrr/bagsy_backend_monolith/pkg/sms/client.go:45.2,45.17 1 0
github.com/Rasikrr/bagsy_backend_monolith/pkg/sms/client.go:45.17,47.3 1 0
github.com/Rasikrr/bagsy_backend_monolith/pkg/sms/client.go:49.2,60.16 4 0
github.com/Rasikrr/bagsy_backend_monolith/pkg/sms/client.go:60.16,62.3 1 0
github.com/Rasikrr/bagsy_backend_monolith/pkg/sms/client.go:64.2,64.21 1 0
github.com/Rasikrr/bagsy_backend_monolith/pkg/sms/client.go:64.21,66.3 1 0
github.com/Rasikrr/bagsy_backend_monolith/pkg/sms/client.go:67.2,67.12 1 0
github.com/Rasikrr/bagsy_backend_monolith/pkg/sms/client.go:71.103,72.17 1 0
github.com/Rasikrr/bagsy_backend_monolith/pkg/sms/client.go:72.17,74.3 1 0
github.com/Rasikrr/bagsy_backend_monolith/pkg/sms/client.go:75.2,75.20 1 0
github.com/Rasikrr/bagsy_backend_monolith/pkg/sms/client.go:75.20,77.3 1 0
github.com/Rasikrr/bagsy_backend_monolith/pkg/sms/client.go:80.2,90.85 9 0
github.com/Rasikrr/bagsy_backend_monolith/pkg/sms/client.go:90.85,92.3 1 0
github.com/Rasikrr/bagsy_backend_monolith/pkg/sms/client.go:94.2,94.21 1 0
github.com/Rasikrr/bagsy_backend_monolith/pkg/sms/client.go:94.21,96.3 1 0
github.com/Rasikrr/bagsy_backend_monolith/pkg/sms/client.go:97.2,97.19 1 0
github.com/Rasikrr/bagsy_backend_monolith/pkg/sms/client.go:101.95,102.31 1 0
github.com/Rasikrr/bagsy_backend_monolith/pkg/sms/client.go:102.31,107.18 2 0
github.com/Rasikrr/bagsy_backend_monolith/pkg/sms/client.go:107.18,109.18 2 0
github.com/Rasikrr/bagsy_backend_monolith/pkg/sms/client.go:109.18,111.5 1 0
github.com/Rasikrr/bagsy_backend_monolith/pkg/sms/client.go:114.3,115.17 2 0
github.com/Rasikrr/bagsy_backend_monolith/pkg/sms/client.go:115.17,117.4 1 0
github.com/Rasikrr/bagsy_backend_monolith/pkg/sms/client.go:119.3,119.18 1 0
github.com/Rasikrr/bagsy_backend_monolith/pkg/sms/client.go:119.18,121.4 1 0
github.com/Rasikrr/bagsy_backend_monolith/pkg/sms/client.go:123.3,124.17 2 0
github.com/Rasikrr/bagsy_backend_monolith/pkg/sms/client.go:124.17,126.4 1 0
github.com/Rasikrr/bagsy_backend_monolith/pkg/sms/client.go:127.3,129.62 2 0
github.com/Rasikrr/bagsy_backend_monolith/pkg/sms/client.go:129.62,132.4 2 0
github.com/Rasikrr/bagsy_backend_monolith/pkg/sms/client.go:134.3,134.17 1 0
github.com/Rasikrr/bagsy_backend_monolith/pkg/sms/client.go:134.17,136.22 2 0
github.com/Rasikrr/bagsy_backend_monolith/pkg/sms/client.go:136.22,138.5 1 0
github.com/Rasikrr/bagsy_backend_monolith/pkg/sms/client.go:140.4,140.76 1 0
github.com/Rasikrr/bagsy_backend_monolith/pkg/sms/client.go:140.76,142.5 1 0
github.com/Rasikrr/bagsy_backend_monolith/pkg/sms/client.go:144.3,144.13 1 0
github.com/Rasikrr/bagsy_backend_monolith/pkg/sms/client.go:152.2,152.16 1 0
github.com/Rasikrr/bagsy_backend_monolith/pkg/sms/client.go:152.16,154.3 1 0
github.com/Rasikrr/bagsy_backend_monolith/pkg/sms/client.go:155.2,155.12 1 0
github.com/Rasikrr/bagsy_backend_monolith/pkg/sms/enum.go:13.35,15.2 1 0
github.com/Rasikrr/bagsy_backend_monolith/pkg/sms/enum.go:52.32,64.39 2 0
github.com/Rasikrr/bagsy_backend_monolith/pkg/sms/enum.go:64.39,65.18 1 0
github.com/Rasikrr/bagsy_backend_monolith/pkg/sms/enum.go:65.18,67.4 1 0
github.com/Rasikrr/bagsy_backend_monolith/pkg/sms/enum.go:69.2,69.14 1 0
github.com/Rasikrr/bagsy_backend_monolith/pkg/sms/enum.go:73.34,75.2 1 0
github.com/Rasikrr/bagsy_backend_monolith/pkg/sms/models.go:28.40,30.2 1 0
github.com/Rasikrr/bagsy_backend_monolith/pkg/sms/models.go:33.41,34.19 1 0
github.com/Rasikrr/bagsy_backend_monolith/pkg/sms/models.go:34.19,36.3 1 0
github.com/Rasikrr/bagsy_backend_monolith/pkg/sms/models.go:39.2,40.21 2 0
github.com/Rasikrr/bagsy_backend_monolith/pkg/sms/models.go:41.21,42.26 1 0
github.com/Rasikrr/bagsy_backend_monolith/pkg/sms/models.go:43.24,44.23 1 0
github.com/Rasikrr/bagsy_backend_monolith/pkg/sms/models.go:45.26,46.25 1 0
github.com/Rasikrr/bagsy_backend_monolith/pkg/sms/models.go:47.33,48.25 1 0
github.com/Rasikrr/bagsy_backend_monolith/pkg/sms/models.go:49.28,50.28 1 0
github.com/Rasikrr/bagsy_backend_monolith/pkg/sms/models.go:51.30,52.29 1 0
github.com/Rasikrr/bagsy_backend_monolith/pkg/sms/models.go:53.32,54.31 1 0
github.com/Rasikrr/bagsy_backend_monolith/pkg/sms/models.go:55.10,56.26 1 0
github.com/Rasikrr/bagsy_backend_monolith/pkg/sms/models.go:59.2,59.88 1 0
github.com/Rasikrr/bagsy_backend_monolith/pkg/sms/models.go:73.42,75.2 1 0
github.com/Rasikrr/bagsy_backend_monolith/pkg/sms/models.go:78.43,79.19 1 0
github.com/Rasikrr/bagsy_backend_monolith/pkg/sms/models.go:79.19,81.3 1 0
github.com/Rasikrr/bagsy_backend_monolith/pkg/sms/models.go:84.2,85.21 2 0
github.com/Rasikrr/bagsy_backend_monolith/pkg/sms/models.go:86.21,87.26 1 0
github.com/Rasikrr/bagsy_backend_monolith/pkg/sms/models.go:88.24,89.23 1 0
github.com/Rasikrr/bagsy_backend_monolith/pkg/sms/models.go:90.26,91.25 1 0
github.com/Rasikrr/bagsy_backend_monolith/pkg/sms/models.go:92.28,93.28 1 0
github.com/Rasikrr/bagsy_backend_monolith/pkg/sms/models.go:94.10,95.26 1 0
github.com/Rasikrr/bagsy_backend_monolith/pkg/sms/models.go:98.2,98.88 1 0
